<?xml version="1.0" encoding="UTF-8"?>
<testsuite xmlns:xsi="http://www.w3.org/2001/XMLSchema-instance" xsi:noNamespaceSchemaLocation="https://maven.apache.org/surefire/maven-surefire-plugin/xsd/surefire-test-report-3.0.xsd" version="3.0" name="org.acme.getting.started.ReactiveGreetingResourceTest" time="7.868" tests="3" errors="0" skipped="0" failures="0">
  <properties>
[...]
</properties>
  <testcase name="testHelloEndpoint" classname="org.acme.getting.started.ReactiveGreetingResourceTest" time="1.12">
    <system-out><![CDATA[Downloading from central: https://repo.maven.apache.org/maven2/io/quarkus/quarkus-resteasy-reactive-kotlin/2.4.2.Final/quarkus-resteasy-reactive-kotlin-2.4.2.Final.jar
Progress (1): quarkus-resteasy-reactive-kotlin-2.4.2.Final.jar (2.7/32 kB)Progress (1): quarkus-resteasy-reactive-kotlin-2.4.2.Final.jar (5.5/32 kB)Progress (1): quarkus-resteasy-reactive-kotlin-2.4.2.Final.jar (8.2/32 kB)Progress (1): quarkus-resteasy-reactive-kotlin-2.4.2.Final.jar (11/32 kB) Progress (1): quarkus-resteasy-reactive-kotlin-2.4.2.Final.jar (14/32 kB)Progress (1): quarkus-resteasy-reactive-kotlin-2.4.2.Final.jar (16/32 kB)Progress (1): quarkus-resteasy-reactive-kotlin-2.4.2.Final.jar (19/32 kB)Progress (1): quarkus-resteasy-reactive-kotlin-2.4.2.Final.jar (22/32 kB)Progress (1): quarkus-resteasy-reactive-kotlin-2.4.2.Final.jar (25/32 kB)Progress (1): quarkus-resteasy-reactive-kotlin-2.4.2.Final.jar (27/32 kB)Progress (1): quarkus-resteasy-reactive-kotlin-2.4.2.Final.jar (30/32 kB)Progress (1): quarkus-resteasy-reactive-kotlin-2.4.2.Final.jar (32 kB)                                                                         Downloaded from central: https://repo.maven.apache.org/maven2/io/quarkus/quarkus-resteasy-reactive-kotlin/2.4.2.Final/quarkus-resteasy-reactive-kotlin-2.4.2.Final.jar (32 kB at 119 kB/s)
Downloading from central: https://repo.maven.apache.org/maven2/io/quarkus/quarkus-resteasy-reactive-deployment/2.4.2.Final/quarkus-resteasy-reactive-deployment-2.4.2.Final.pom
Progress (1): quarkus-resteasy-reactive-deployment-2.4.2.Final.pom (2.7/4.9 kB)Progress (1): quarkus-resteasy-reactive-deployment-2.4.2.Final.pom (4.9 kB)                                                                               Downloaded from central: https://repo.maven.apache.org/maven2/io/quarkus/quarkus-resteasy-reactive-deployment/2.4.2.Final/quarkus-resteasy-reactive-deployment-2.4.2.Final.pom (4.9 kB at 203 kB/s)
Downloading from central: https://repo.maven.apache.org/maven2/io/quarkus/resteasy/reactive/resteasy-reactive-processor/2.4.2.Final/resteasy-reactive-processor-2.4.2.Final.pom
Progress (1): resteasy-reactive-processor-2.4.2.Final.pom (2.0 kB)                                                                  Downloaded from central: https://repo.maven.apache.org/maven2/io/quarkus/resteasy/reactive/resteasy-reactive-processor/2.4.2.Final/resteasy-reactive-processor-2.4.2.Final.pom (2.0 kB at 113 kB/s)
Downloading from central: https://repo.maven.apache.org/maven2/io/quarkus/resteasy/reactive/resteasy-reactive-common-processor/2.4.2.Final/resteasy-reactive-common-processor-2.4.2.Final.pom
Progress (1): resteasy-reactive-common-processor-2.4.2.Final.pom (1.9 kB)                                                                         Downloaded from central: https://repo.maven.apache.org/maven2/io/quarkus/resteasy/reactive/resteasy-reactive-common-processor/2.4.2.Final/resteasy-reactive-common-processor-2.4.2.Final.pom (1.9 kB at 25 kB/s)
Downloading from central: https://repo.maven.apache.org/maven2/io/quarkus/quarkus-vertx-http-deployment/2.4.2.Final/quarkus-vertx-http-deployment-2.4.2.Final.pom
Progress (1): quarkus-vertx-http-deployment-2.4.2.Final.pom (2.7/16 kB)Progress (1): quarkus-vertx-http-deployment-2.4.2.Final.pom (5.5/16 kB)Progress (1): quarkus-vertx-http-deployment-2.4.2.Final.pom (8.2/16 kB)Progress (1): quarkus-vertx-http-deployment-2.4.2.Final.pom (11/16 kB) Progress (1): quarkus-vertx-http-deployment-2.4.2.Final.pom (14/16 kB)Progress (1): quarkus-vertx-http-deployment-2.4.2.Final.pom (16 kB)                                                                      Downloaded from central: https://repo.maven.apache.org/maven2/io/quarkus/quarkus-vertx-http-deployment/2.4.2.Final/quarkus-vertx-http-deployment-2.4.2.Final.pom (16 kB at 651 kB/s)
Downloading from central: https://repo.maven.apache.org/maven2/io/quarkus/quarkus-vertx-deployment/2.4.2.Final/quarkus-vertx-deployment-2.4.2.Final.pom
Progress (1): quarkus-vertx-deployment-2.4.2.Final.pom (2.6 kB)                                                               Downloaded from central: https://repo.maven.apache.org/maven2/io/quarkus/quarkus-vertx-deployment/2.4.2.Final/quarkus-vertx-deployment-2.4.2.Final.pom (2.6 kB at 154 kB/s)
Downloading from central: https://repo.maven.apache.org/maven2/io/quarkus/quarkus-arc-deployment/2.4.2.Final/quarkus-arc-deployment-2.4.2.Final.pom
Progress (1): quarkus-arc-deployment-2.4.2.Final.pom (2.2 kB)                                                             Downloaded from central: https://repo.maven.apache.org/maven2/io/quarkus/quarkus-arc-deployment/2.4.2.Final/quarkus-arc-deployment-2.4.2.Final.pom (2.2 kB at 31 kB/s)
Downloading from central: https://repo.maven.apache.org/maven2/org/jsoup/jsoup/1.14.2/jsoup-1.14.2.pom
Progress (1): jsoup-1.14.2.pom (4.1/12 kB)Progress (1): jsoup-1.14.2.pom (8.2/12 kB)Progress (1): jsoup-1.14.2.pom (12/12 kB) Progress (1): jsoup-1.14.2.pom (12 kB)                                         Downloaded from central: https://repo.maven.apache.org/maven2/org/jsoup/jsoup/1.14.2/jsoup-1.14.2.pom (12 kB at 214 kB/s)
Downloading from central: https://repo.maven.apache.org/maven2/io/quarkus/quarkus-vertx-http-dev-console-spi/2.4.2.Final/quarkus-vertx-http-dev-console-spi-2.4.2.Final.pom
Progress (1): quarkus-vertx-http-dev-console-spi-2.4.2.Final.pom (1.3 kB)                                                                         Downloaded from central: https://repo.maven.apache.org/maven2/io/quarkus/quarkus-vertx-http-dev-console-spi/2.4.2.Final/quarkus-vertx-http-dev-console-spi-2.4.2.Final.pom (1.3 kB at 78 kB/s)
Downloading from central: https://repo.maven.apache.org/maven2/io/quarkus/arc/arc-processor/2.4.2.Final/arc-processor-2.4.2.Final.pom
Progress (1): arc-processor-2.4.2.Final.pom (1.7 kB)                                                    Downloaded from central: https://repo.maven.apache.org/maven2/io/quarkus/arc/arc-processor/2.4.2.Final/arc-processor-2.4.2.Final.pom (1.7 kB at 102 kB/s)
Downloading from central: https://repo.maven.apache.org/maven2/io/quarkus/quarkus-netty-deployment/2.4.2.Final/quarkus-netty-deployment-2.4.2.Final.pom
Progress (1): quarkus-netty-deployment-2.4.2.Final.pom (1.5 kB)                                                               Downloaded from central: https://repo.maven.apache.org/maven2/io/quarkus/quarkus-netty-deployment/2.4.2.Final/quarkus-netty-deployment-2.4.2.Final.pom (1.5 kB at 115 kB/s)
Downloading from central: https://repo.maven.apache.org/maven2/io/quarkus/quarkus-jackson-deployment/2.4.2.Final/quarkus-jackson-deployment-2.4.2.Final.pom
Progress (1): quarkus-jackson-deployment-2.4.2.Final.pom (2.1 kB)                                                                 Downloaded from central: https://repo.maven.apache.org/maven2/io/quarkus/quarkus-jackson-deployment/2.4.2.Final/quarkus-jackson-deployment-2.4.2.Final.pom (2.1 kB at 142 kB/s)
Downloading from central: https://repo.maven.apache.org/maven2/io/quarkus/quarkus-jackson-spi/2.4.2.Final/quarkus-jackson-spi-2.4.2.Final.pom
Progress (1): quarkus-jackson-spi-2.4.2.Final.pom (835 B)                                                         Downloaded from central: https://repo.maven.apache.org/maven2/io/quarkus/quarkus-jackson-spi/2.4.2.Final/quarkus-jackson-spi-2.4.2.Final.pom (835 B at 12 kB/s)
Downloading from central: https://repo.maven.apache.org/maven2/io/quarkus/quarkus-mutiny-deployment/2.4.2.Final/quarkus-mutiny-deployment-2.4.2.Final.pom
Progress (1): quarkus-mutiny-deployment-2.4.2.Final.pom (2.0 kB)                                                                Downloaded from central: https://repo.maven.apache.org/maven2/io/quarkus/quarkus-mutiny-deployment/2.4.2.Final/quarkus-mutiny-deployment-2.4.2.Final.pom (2.0 kB at 133 kB/s)
Downloading from central: https://repo.maven.apache.org/maven2/io/quarkus/quarkus-smallrye-context-propagation-deployment/2.4.2.Final/quarkus-smallrye-context-propagation-deployment-2.4.2.Final.pom
Progress (1): quarkus-smallrye-context-propagation-deployment-2.4.2.Final.pom (1.9 kB)                                                                                      Downloaded from central: https://repo.maven.apache.org/maven2/io/quarkus/quarkus-smallrye-context-propagation-deployment/2.4.2.Final/quarkus-smallrye-context-propagation-deployment-2.4.2.Final.pom (1.9 kB at 135 kB/s)
Downloading from central: https://repo.maven.apache.org/maven2/io/quarkus/quarkus-vertx-http-deployment-spi/2.4.2.Final/quarkus-vertx-http-deployment-spi-2.4.2.Final.pom
Progress (1): quarkus-vertx-http-deployment-spi-2.4.2.Final.pom (831 B)                                                                       Downloaded from central: https://repo.maven.apache.org/maven2/io/quarkus/quarkus-vertx-http-deployment-spi/2.4.2.Final/quarkus-vertx-http-deployment-spi-2.4.2.Final.pom (831 B at 46 kB/s)
Downloading from central: https://repo.maven.apache.org/maven2/io/quarkus/quarkus-kubernetes-spi/2.4.2.Final/quarkus-kubernetes-spi-2.4.2.Final.pom
Progress (1): quarkus-kubernetes-spi-2.4.2.Final.pom (1.2 kB)                                                             Downloaded from central: https://repo.maven.apache.org/maven2/io/quarkus/quarkus-kubernetes-spi/2.4.2.Final/quarkus-kubernetes-spi-2.4.2.Final.pom (1.2 kB at 93 kB/s)
Downloading from central: https://repo.maven.apache.org/maven2/io/quarkus/quarkus-kubernetes-parent/2.4.2.Final/quarkus-kubernetes-parent-2.4.2.Final.pom
Progress (1): quarkus-kubernetes-parent-2.4.2.Final.pom (809 B)                                                               Downloaded from central: https://repo.maven.apache.org/maven2/io/quarkus/quarkus-kubernetes-parent/2.4.2.Final/quarkus-kubernetes-parent-2.4.2.Final.pom (809 B at 54 kB/s)
Downloading from central: https://repo.maven.apache.org/maven2/io/quarkus/quarkus-resteasy-reactive-server-spi-deployment/2.4.2.Final/quarkus-resteasy-reactive-server-spi-deployment-2.4.2.Final.pom
Progress (1): quarkus-resteasy-reactive-server-spi-deployment-2.4.2.Final.pom (1.0 kB)                                                                                      Downloaded from central: https://repo.maven.apache.org/maven2/io/quarkus/quarkus-resteasy-reactive-server-spi-deployment/2.4.2.Final/quarkus-resteasy-reactive-server-spi-deployment-2.4.2.Final.pom (1.0 kB at 12 kB/s)
Downloading from central: https://repo.maven.apache.org/maven2/io/quarkus/quarkus-resteasy-reactive-spi-deployment/2.4.2.Final/quarkus-resteasy-reactive-spi-deployment-2.4.2.Final.pom
Progress (1): quarkus-resteasy-reactive-spi-deployment-2.4.2.Final.pom (962 B)                                                                              Downloaded from central: https://repo.maven.apache.org/maven2/io/quarkus/quarkus-resteasy-reactive-spi-deployment/2.4.2.Final/quarkus-resteasy-reactive-spi-deployment-2.4.2.Final.pom (962 B at 69 kB/s)
Downloading from central: https://repo.maven.apache.org/maven2/io/quarkus/quarkus-jaxrs-spi-deployment/2.4.2.Final/quarkus-jaxrs-spi-deployment-2.4.2.Final.pom
Progress (1): quarkus-jaxrs-spi-deployment-2.4.2.Final.pom (779 B)                                                                  Downloaded from central: https://repo.maven.apache.org/maven2/io/quarkus/quarkus-jaxrs-spi-deployment/2.4.2.Final/quarkus-jaxrs-spi-deployment-2.4.2.Final.pom (779 B at 52 kB/s)
Downloading from central: https://repo.maven.apache.org/maven2/io/quarkus/quarkus-jaxrs-spi-parent/2.4.2.Final/quarkus-jaxrs-spi-parent-2.4.2.Final.pom
Progress (1): quarkus-jaxrs-spi-parent-2.4.2.Final.pom (723 B)                                                              Downloaded from central: https://repo.maven.apache.org/maven2/io/quarkus/quarkus-jaxrs-spi-parent/2.4.2.Final/quarkus-jaxrs-spi-parent-2.4.2.Final.pom (723 B at 21 kB/s)
Downloading from central: https://repo.maven.apache.org/maven2/io/quarkus/quarkus-security-spi/2.4.2.Final/quarkus-security-spi-2.4.2.Final.pom
Progress (1): quarkus-security-spi-2.4.2.Final.pom (1.5 kB)                                                           Downloaded from central: https://repo.maven.apache.org/maven2/io/quarkus/quarkus-security-spi/2.4.2.Final/quarkus-security-spi-2.4.2.Final.pom (1.5 kB at 26 kB/s)
Downloading from central: https://repo.maven.apache.org/maven2/io/quarkus/quarkus-resteasy-reactive-common-deployment/2.4.2.Final/quarkus-resteasy-reactive-common-deployment-2.4.2.Final.pom
Progress (1): quarkus-resteasy-reactive-common-deployment-2.4.2.Final.pom (3.6 kB)                                                                                  Downloaded from central: https://repo.maven.apache.org/maven2/io/quarkus/quarkus-resteasy-reactive-common-deployment/2.4.2.Final/quarkus-resteasy-reactive-common-deployment-2.4.2.Final.pom (3.6 kB at 107 kB/s)
Downloading from central: https://repo.maven.apache.org/maven2/io/quarkus/resteasy/reactive/resteasy-reactive-common-processor/2.4.2.Final/resteasy-reactive-common-processor-2.4.2.Final.jar
Downloading from central: https://repo.maven.apache.org/maven2/io/quarkus/resteasy/reactive/resteasy-reactive-processor/2.4.2.Final/resteasy-reactive-processor-2.4.2.Final.jar
Downloading from central: https://repo.maven.apache.org/maven2/io/quarkus/quarkus-netty-deployment/2.4.2.Final/quarkus-netty-deployment-2.4.2.Final.jar
Downloading from central: https://repo.maven.apache.org/maven2/io/quarkus/quarkus-jackson-spi/2.4.2.Final/quarkus-jackson-spi-2.4.2.Final.jar
Downloading from central: https://repo.maven.apache.org/maven2/io/quarkus/quarkus-jackson-deployment/2.4.2.Final/quarkus-jackson-deployment-2.4.2.Final.jar
Progress (1): quarkus-jackson-spi-2.4.2.Final.jar (4.1/6.0 kB)Progress (1): quarkus-jackson-spi-2.4.2.Final.jar (6.0 kB)                                                              Downloaded from central: https://repo.maven.apache.org/maven2/io/quarkus/quarkus-jackson-spi/2.4.2.Final/quarkus-jackson-spi-2.4.2.Final.jar (6.0 kB at 221 kB/s)
Downloading from central: https://repo.maven.apache.org/maven2/io/quarkus/quarkus-vertx-deployment/2.4.2.Final/quarkus-vertx-deployment-2.4.2.Final.jar
Progress (1): resteasy-reactive-common-processor-2.4.2.Final.jar (2.7/103 kB)Progress (2): resteasy-reactive-common-processor-2.4.2.Final.jar (2.7/103 kB) | quarkus-jackson-deployment-2.4.2.Final.jar (2.7/11 kB)Progress (3): resteasy-reactive-common-processor-2.4.2.Final.jar (2.7/103 kB) | quarkus-jackson-deployment-2.4.2.Final.jar (2.7/11 kB) | quarkus-vertx-deployment-2.4.2.Final.jar (4.1/32 kB)Progress (3): resteasy-reactive-common-processor-2.4.2.Final.jar (5.5/103 kB) | quarkus-jackson-deployment-2.4.2.Final.jar (2.7/11 kB) | quarkus-vertx-deployment-2.4.2.Final.jar (4.1/32 kB)Progress (4): resteasy-reactive-common-processor-2.4.2.Final.jar (5.5/103 kB) | quarkus-jackson-deployment-2.4.2.Final.jar (2.7/11 kB) | quarkus-vertx-deployment-2.4.2.Final.jar (4.1/32 kB) | resteasy-reactive-processor-2.4.2.Final.jar (2.7/34 kB)Progress (4): resteasy-reactive-common-processor-2.4.2.Final.jar (5.5/103 kB) | quarkus-jackson-deployment-2.4.2.Final.jar (5.5/11 kB) | quarkus-vertx-deployment-2.4.2.Final.jar (4.1/32 kB) | resteasy-reactive-processor-2.4.2.Final.jar (2.7/34 kB)Progress (5): resteasy-reactive-common-processor-2.4.2.Final.jar (5.5/103 kB) | quarkus-jackson-deployment-2.4.2.Final.jar (5.5/11 kB) | quarkus-vertx-deployment-2.4.2.Final.jar (4.1/32 kB) | resteasy-reactive-processor-2.4.2.Final.jar (2.7/34 kB) | quarkus-netty-deployment-2.4.2.Final.jar (2.7/14 kB)Progress (5): resteasy-reactive-common-processor-2.4.2.Final.jar (5.5/103 kB) | quarkus-jackson-deployment-2.4.2.Final.jar (5.5/11 kB) | quarkus-vertx-deployment-2.4.2.Final.jar (8.2/32 kB) | resteasy-reactive-processor-2.4.2.Final.jar (2.7/34 kB) | quarkus-netty-deployment-2.4.2.Final.jar (2.7/14 kB)Progress (5): resteasy-reactive-common-processor-2.4.2.Final.jar (5.5/103 kB) | quarkus-jackson-deployment-2.4.2.Final.jar (8.2/11 kB) | quarkus-vertx-deployment-2.4.2.Final.jar (8.2/32 kB) | resteasy-reactive-processor-2.4.2.Final.jar (2.7/34 kB) | quarkus-netty-deployment-2.4.2.Final.jar (2.7/14 kB)Progress (5): resteasy-reactive-common-processor-2.4.2.Final.jar (5.5/103 kB) | quarkus-jackson-deployment-2.4.2.Final.jar (8.2/11 kB) | quarkus-vertx-deployment-2.4.2.Final.jar (8.2/32 kB) | resteasy-reactive-processor-2.4.2.Final.jar (5.5/34 kB) | quarkus-netty-deployment-2.4.2.Final.jar (2.7/14 kB)Progress (5): resteasy-reactive-common-processor-2.4.2.Final.jar (8.2/103 kB) | quarkus-jackson-deployment-2.4.2.Final.jar (8.2/11 kB) | quarkus-vertx-deployment-2.4.2.Final.jar (8.2/32 kB) | resteasy-reactive-processor-2.4.2.Final.jar (5.5/34 kB) | quarkus-netty-deployment-2.4.2.Final.jar (2.7/14 kB)Progress (5): resteasy-reactive-common-processor-2.4.2.Final.jar (8.2/103 kB) | quarkus-jackson-deployment-2.4.2.Final.jar (11 kB) | quarkus-vertx-deployment-2.4.2.Final.jar (8.2/32 kB) | resteasy-reactive-processor-2.4.2.Final.jar (5.5/34 kB) | quarkus-netty-deployment-2.4.2.Final.jar (2.7/14 kB)    Progress (5): resteasy-reactive-common-processor-2.4.2.Final.jar (8.2/103 kB) | quarkus-jackson-deployment-2.4.2.Final.jar (11 kB) | quarkus-vertx-deployment-2.4.2.Final.jar (12/32 kB) | resteasy-reactive-processor-2.4.2.Final.jar (5.5/34 kB) | quarkus-netty-deployment-2.4.2.Final.jar (2.7/14 kB) Progress (5): resteasy-reactive-common-processor-2.4.2.Final.jar (8.2/103 kB) | quarkus-jackson-deployment-2.4.2.Final.jar (11 kB) | quarkus-vertx-deployment-2.4.2.Final.jar (12/32 kB) | resteasy-reactive-processor-2.4.2.Final.jar (5.5/34 kB) | quarkus-netty-deployment-2.4.2.Final.jar (5.5/14 kB)Progress (5): resteasy-reactive-common-processor-2.4.2.Final.jar (8.2/103 kB) | quarkus-jackson-deployment-2.4.2.Final.jar (11 kB) | quarkus-vertx-deployment-2.4.2.Final.jar (12/32 kB) | resteasy-reactive-processor-2.4.2.Final.jar (8.2/34 kB) | quarkus-netty-deployment-2.4.2.Final.jar (5.5/14 kB)Progress (5): resteasy-reactive-common-processor-2.4.2.Final.jar (11/103 kB) | quarkus-jackson-deployment-2.4.2.Final.jar (11 kB) | quarkus-vertx-deployment-2.4.2.Final.jar (12/32 kB) | resteasy-reactive-processor-2.4.2.Final.jar (8.2/34 kB) | quarkus-netty-deployment-2.4.2.Final.jar (5.5/14 kB) Progress (5): resteasy-reactive-common-processor-2.4.2.Final.jar (11/103 kB) | quarkus-jackson-deployment-2.4.2.Final.jar (11 kB) | quarkus-vertx-deployment-2.4.2.Final.jar (12/32 kB) | resteasy-reactive-processor-2.4.2.Final.jar (8.2/34 kB) | quarkus-netty-deployment-2.4.2.Final.jar (8.2/14 kB)Progress (5): resteasy-reactive-common-processor-2.4.2.Final.jar (11/103 kB) | quarkus-jackson-deployment-2.4.2.Final.jar (11 kB) | quarkus-vertx-deployment-2.4.2.Final.jar (16/32 kB) | resteasy-reactive-processor-2.4.2.Final.jar (8.2/34 kB) | quarkus-netty-deployment-2.4.2.Final.jar (8.2/14 kB)Progress (5): resteasy-reactive-common-processor-2.4.2.Final.jar (14/103 kB) | quarkus-jackson-deployment-2.4.2.Final.jar (11 kB) | quarkus-vertx-deployment-2.4.2.Final.jar (16/32 kB) | resteasy-reactive-processor-2.4.2.Final.jar (8.2/34 kB) | quarkus-netty-deployment-2.4.2.Final.jar (8.2/14 kB)Progress (5): resteasy-reactive-common-processor-2.4.2.Final.jar (14/103 kB) | quarkus-jackson-deployment-2.4.2.Final.jar (11 kB) | quarkus-vertx-deployment-2.4.2.Final.jar (16/32 kB) | resteasy-reactive-processor-2.4.2.Final.jar (11/34 kB) | quarkus-netty-deployment-2.4.2.Final.jar (8.2/14 kB) Progress (5): resteasy-reactive-common-processor-2.4.2.Final.jar (14/103 kB) | quarkus-jackson-deployment-2.4.2.Final.jar (11 kB) | quarkus-vertx-deployment-2.4.2.Final.jar (16/32 kB) | resteasy-reactive-processor-2.4.2.Final.jar (11/34 kB) | quarkus-netty-deployment-2.4.2.Final.jar (11/14 kB) Progress (5): resteasy-reactive-common-processor-2.4.2.Final.jar (16/103 kB) | quarkus-jackson-deployment-2.4.2.Final.jar (11 kB) | quarkus-vertx-deployment-2.4.2.Final.jar (16/32 kB) | resteasy-reactive-processor-2.4.2.Final.jar (11/34 kB) | quarkus-netty-deployment-2.4.2.Final.jar (11/14 kB)Progress (5): resteasy-reactive-common-processor-2.4.2.Final.jar (16/103 kB) | quarkus-jackson-deployment-2.4.2.Final.jar (11 kB) | quarkus-vertx-deployment-2.4.2.Final.jar (20/32 kB) | resteasy-reactive-processor-2.4.2.Final.jar (11/34 kB) | quarkus-netty-deployment-2.4.2.Final.jar (11/14 kB)Progress (5): resteasy-reactive-common-processor-2.4.2.Final.jar (16/103 kB) | quarkus-jackson-deployment-2.4.2.Final.jar (11 kB) | quarkus-vertx-deployment-2.4.2.Final.jar (20/32 kB) | resteasy-reactive-processor-2.4.2.Final.jar (11/34 kB) | quarkus-netty-deployment-2.4.2.Final.jar (14 kB)   Progress (5): resteasy-reactive-common-processor-2.4.2.Final.jar (16/103 kB) | quarkus-jackson-deployment-2.4.2.Final.jar (11 kB) | quarkus-vertx-deployment-2.4.2.Final.jar (20/32 kB) | resteasy-reactive-processor-2.4.2.Final.jar (14/34 kB) | quarkus-netty-deployment-2.4.2.Final.jar (14 kB)Progress (5): resteasy-reactive-common-processor-2.4.2.Final.jar (16/103 kB) | quarkus-jackson-deployment-2.4.2.Final.jar (11 kB) | quarkus-vertx-deployment-2.4.2.Final.jar (25/32 kB) | resteasy-reactive-processor-2.4.2.Final.jar (14/34 kB) | quarkus-netty-deployment-2.4.2.Final.jar (14 kB)Progress (5): resteasy-reactive-common-processor-2.4.2.Final.jar (19/103 kB) | quarkus-jackson-deployment-2.4.2.Final.jar (11 kB) | quarkus-vertx-deployment-2.4.2.Final.jar (25/32 kB) | resteasy-reactive-processor-2.4.2.Final.jar (14/34 kB) | quarkus-netty-deployment-2.4.2.Final.jar (14 kB)Progress (5): resteasy-reactive-common-processor-2.4.2.Final.jar (19/103 kB) | quarkus-jackson-deployment-2.4.2.Final.jar (11 kB) | quarkus-vertx-deployment-2.4.2.Final.jar (25/32 kB) | resteasy-reactive-processor-2.4.2.Final.jar (16/34 kB) | quarkus-netty-deployment-2.4.2.Final.jar (14 kB)Progress (5): resteasy-reactive-common-processor-2.4.2.Final.jar (19/103 kB) | quarkus-jackson-deployment-2.4.2.Final.jar (11 kB) | quarkus-vertx-deployment-2.4.2.Final.jar (29/32 kB) | resteasy-reactive-processor-2.4.2.Final.jar (16/34 kB) | quarkus-netty-deployment-2.4.2.Final.jar (14 kB)Progress (5): resteasy-reactive-common-processor-2.4.2.Final.jar (22/103 kB) | quarkus-jackson-deployment-2.4.2.Final.jar (11 kB) | quarkus-vertx-deployment-2.4.2.Final.jar (29/32 kB) | resteasy-reactive-processor-2.4.2.Final.jar (16/34 kB) | quarkus-netty-deployment-2.4.2.Final.jar (14 kB)Progress (5): resteasy-reactive-common-processor-2.4.2.Final.jar (22/103 kB) | quarkus-jackson-deployment-2.4.2.Final.jar (11 kB) | quarkus-vertx-deployment-2.4.2.Final.jar (32 kB) | resteasy-reactive-processor-2.4.2.Final.jar (16/34 kB) | quarkus-netty-deployment-2.4.2.Final.jar (14 kB)   Progress (5): resteasy-reactive-common-processor-2.4.2.Final.jar (22/103 kB) | quarkus-jackson-deployment-2.4.2.Final.jar (11 kB) | quarkus-vertx-deployment-2.4.2.Final.jar (32 kB) | resteasy-reactive-processor-2.4.2.Final.jar (19/34 kB) | quarkus-netty-deployment-2.4.2.Final.jar (14 kB)Progress (5): resteasy-reactive-common-processor-2.4.2.Final.jar (25/103 kB) | quarkus-jackson-deployment-2.4.2.Final.jar (11 kB) | quarkus-vertx-deployment-2.4.2.Final.jar (32 kB) | resteasy-reactive-processor-2.4.2.Final.jar (19/34 kB) | quarkus-netty-deployment-2.4.2.Final.jar (14 kB)                                                                                                                                                                                                                                                                                                Downloaded from central: https://repo.maven.apache.org/maven2/io/quarkus/quarkus-jackson-deployment/2.4.2.Final/quarkus-jackson-deployment-2.4.2.Final.jar (11 kB at 208 kB/s)
Downloading from central: https://repo.maven.apache.org/maven2/io/quarkus/quarkus-vertx-http-deployment-spi/2.4.2.Final/quarkus-vertx-http-deployment-spi-2.4.2.Final.jar
Progress (4): resteasy-reactive-common-processor-2.4.2.Final.jar (25/103 kB) | quarkus-vertx-deployment-2.4.2.Final.jar (32 kB) | resteasy-reactive-processor-2.4.2.Final.jar (22/34 kB) | quarkus-netty-deployment-2.4.2.Final.jar (14 kB)Progress (4): resteasy-reactive-common-processor-2.4.2.Final.jar (27/103 kB) | quarkus-vertx-deployment-2.4.2.Final.jar (32 kB) | resteasy-reactive-processor-2.4.2.Final.jar (22/34 kB) | quarkus-netty-deployment-2.4.2.Final.jar (14 kB)Progress (4): resteasy-reactive-common-processor-2.4.2.Final.jar (27/103 kB) | quarkus-vertx-deployment-2.4.2.Final.jar (32 kB) | resteasy-reactive-processor-2.4.2.Final.jar (25/34 kB) | quarkus-netty-deployment-2.4.2.Final.jar (14 kB)Progress (4): resteasy-reactive-common-processor-2.4.2.Final.jar (30/103 kB) | quarkus-vertx-deployment-2.4.2.Final.jar (32 kB) | resteasy-reactive-processor-2.4.2.Final.jar (25/34 kB) | quarkus-netty-deployment-2.4.2.Final.jar (14 kB)Progress (4): resteasy-reactive-common-processor-2.4.2.Final.jar (30/103 kB) | quarkus-vertx-deployment-2.4.2.Final.jar (32 kB) | resteasy-reactive-processor-2.4.2.Final.jar (27/34 kB) | quarkus-netty-deployment-2.4.2.Final.jar (14 kB)Progress (4): resteasy-reactive-common-processor-2.4.2.Final.jar (33/103 kB) | quarkus-vertx-deployment-2.4.2.Final.jar (32 kB) | resteasy-reactive-processor-2.4.2.Final.jar (27/34 kB) | quarkus-netty-deployment-2.4.2.Final.jar (14 kB)Progress (4): resteasy-reactive-common-processor-2.4.2.Final.jar (33/103 kB) | quarkus-vertx-deployment-2.4.2.Final.jar (32 kB) | resteasy-reactive-processor-2.4.2.Final.jar (30/34 kB) | quarkus-netty-deployment-2.4.2.Final.jar (14 kB)Progress (4): resteasy-reactive-common-processor-2.4.2.Final.jar (36/103 kB) | quarkus-vertx-deployment-2.4.2.Final.jar (32 kB) | resteasy-reactive-processor-2.4.2.Final.jar (30/34 kB) | quarkus-netty-deployment-2.4.2.Final.jar (14 kB)Progress (4): resteasy-reactive-common-processor-2.4.2.Final.jar (36/103 kB) | quarkus-vertx-deployment-2.4.2.Final.jar (32 kB) | resteasy-reactive-processor-2.4.2.Final.jar (33/34 kB) | quarkus-netty-deployment-2.4.2.Final.jar (14 kB)Progress (4): resteasy-reactive-common-processor-2.4.2.Final.jar (36/103 kB) | quarkus-vertx-deployment-2.4.2.Final.jar (32 kB) | resteasy-reactive-processor-2.4.2.Final.jar (34 kB) | quarkus-netty-deployment-2.4.2.Final.jar (14 kB)   Progress (4): resteasy-reactive-common-processor-2.4.2.Final.jar (38/103 kB) | quarkus-vertx-deployment-2.4.2.Final.jar (32 kB) | resteasy-reactive-processor-2.4.2.Final.jar (34 kB) | quarkus-netty-deployment-2.4.2.Final.jar (14 kB)                                                                                                                                                                                                                                        Downloaded from central: https://repo.maven.apache.org/maven2/io/quarkus/quarkus-netty-deployment/2.4.2.Final/quarkus-netty-deployment-2.4.2.Final.jar (14 kB at 230 kB/s)
Downloading from central: https://repo.maven.apache.org/maven2/io/quarkus/quarkus-smallrye-context-propagation-deployment/2.4.2.Final/quarkus-smallrye-context-propagation-deployment-2.4.2.Final.jar
Progress (3): resteasy-reactive-common-processor-2.4.2.Final.jar (41/103 kB) | quarkus-vertx-deployment-2.4.2.Final.jar (32 kB) | resteasy-reactive-processor-2.4.2.Final.jar (34 kB)Progress (3): resteasy-reactive-common-processor-2.4.2.Final.jar (44/103 kB) | quarkus-vertx-deployment-2.4.2.Final.jar (32 kB) | resteasy-reactive-processor-2.4.2.Final.jar (34 kB)Progress (3): resteasy-reactive-common-processor-2.4.2.Final.jar (47/103 kB) | quarkus-vertx-deployment-2.4.2.Final.jar (32 kB) | resteasy-reactive-processor-2.4.2.Final.jar (34 kB)Progress (4): resteasy-reactive-common-processor-2.4.2.Final.jar (47/103 kB) | quarkus-vertx-deployment-2.4.2.Final.jar (32 kB) | resteasy-reactive-processor-2.4.2.Final.jar (34 kB) | quarkus-vertx-http-deployment-spi-2.4.2.Final.jar (2.7/3.5 kB)Progress (4): resteasy-reactive-common-processor-2.4.2.Final.jar (49/103 kB) | quarkus-vertx-deployment-2.4.2.Final.jar (32 kB) | resteasy-reactive-processor-2.4.2.Final.jar (34 kB) | quarkus-vertx-http-deployment-spi-2.4.2.Final.jar (2.7/3.5 kB)Progress (4): resteasy-reactive-common-processor-2.4.2.Final.jar (49/103 kB) | quarkus-vertx-deployment-2.4.2.Final.jar (32 kB) | resteasy-reactive-processor-2.4.2.Final.jar (34 kB) | quarkus-vertx-http-deployment-spi-2.4.2.Final.jar (3.5 kB)    Progress (4): resteasy-reactive-common-processor-2.4.2.Final.jar (52/103 kB) | quarkus-vertx-deployment-2.4.2.Final.jar (32 kB) | resteasy-reactive-processor-2.4.2.Final.jar (34 kB) | quarkus-vertx-http-deployment-spi-2.4.2.Final.jar (3.5 kB)Progress (4): resteasy-reactive-common-processor-2.4.2.Final.jar (55/103 kB) | quarkus-vertx-deployment-2.4.2.Final.jar (32 kB) | resteasy-reactive-processor-2.4.2.Final.jar (34 kB) | quarkus-vertx-http-deployment-spi-2.4.2.Final.jar (3.5 kB)Progress (4): resteasy-reactive-common-processor-2.4.2.Final.jar (58/103 kB) | quarkus-vertx-deployment-2.4.2.Final.jar (32 kB) | resteasy-reactive-processor-2.4.2.Final.jar (34 kB) | quarkus-vertx-http-deployment-spi-2.4.2.Final.jar (3.5 kB)Progress (4): resteasy-reactive-common-processor-2.4.2.Final.jar (60/103 kB) | quarkus-vertx-deployment-2.4.2.Final.jar (32 kB) | resteasy-reactive-processor-2.4.2.Final.jar (34 kB) | quarkus-vertx-http-deployment-spi-2.4.2.Final.jar (3.5 kB)Progress (4): resteasy-reactive-common-processor-2.4.2.Final.jar (63/103 kB) | quarkus-vertx-deployment-2.4.2.Final.jar (32 kB) | resteasy-reactive-processor-2.4.2.Final.jar (34 kB) | quarkus-vertx-http-deployment-spi-2.4.2.Final.jar (3.5 kB)Progress (4): resteasy-reactive-common-processor-2.4.2.Final.jar (66/103 kB) | quarkus-vertx-deployment-2.4.2.Final.jar (32 kB) | resteasy-reactive-processor-2.4.2.Final.jar (34 kB) | quarkus-vertx-http-deployment-spi-2.4.2.Final.jar (3.5 kB)Progress (4): resteasy-reactive-common-processor-2.4.2.Final.jar (70/103 kB) | quarkus-vertx-deployment-2.4.2.Final.jar (32 kB) | resteasy-reactive-processor-2.4.2.Final.jar (34 kB) | quarkus-vertx-http-deployment-spi-2.4.2.Final.jar (3.5 kB)Progress (5): resteasy-reactive-common-processor-2.4.2.Final.jar (70/103 kB) | quarkus-vertx-deployment-2.4.2.Final.jar (32 kB) | resteasy-reactive-processor-2.4.2.Final.jar (34 kB) | quarkus-vertx-http-deployment-spi-2.4.2.Final.jar (3.5 kB) | quarkus-smallrye-context-propagation-deployment-2.4.2.Final.jar (2.7/6.9 kB)Progress (5): resteasy-reactive-common-processor-2.4.2.Final.jar (74/103 kB) | quarkus-vertx-deployment-2.4.2.Final.jar (32 kB) | resteasy-reactive-processor-2.4.2.Final.jar (34 kB) | quarkus-vertx-http-deployment-spi-2.4.2.Final.jar (3.5 kB) | quarkus-smallrye-context-propagation-deployment-2.4.2.Final.jar (2.7/6.9 kB)Progress (5): resteasy-reactive-common-processor-2.4.2.Final.jar (78/103 kB) | quarkus-vertx-deployment-2.4.2.Final.jar (32 kB) | resteasy-reactive-processor-2.4.2.Final.jar (34 kB) | quarkus-vertx-http-deployment-spi-2.4.2.Final.jar (3.5 kB) | quarkus-smallrye-context-propagation-deployment-2.4.2.Final.jar (2.7/6.9 kB)Progress (5): resteasy-reactive-common-processor-2.4.2.Final.jar (78/103 kB) | quarkus-vertx-deployment-2.4.2.Final.jar (32 kB) | resteasy-reactive-processor-2.4.2.Final.jar (34 kB) | quarkus-vertx-http-deployment-spi-2.4.2.Final.jar (3.5 kB) | quarkus-smallrye-context-propagation-deployment-2.4.2.Final.jar (5.5/6.9 kB)                                                                                                                                                                                                                                                                                                                                 Downloaded from central: https://repo.maven.apache.org/maven2/io/quarkus/quarkus-vertx-http-deployment-spi/2.4.2.Final/quarkus-vertx-http-deployment-spi-2.4.2.Final.jar (3.5 kB at 51 kB/s)
Progress (4): resteasy-reactive-common-processor-2.4.2.Final.jar (82/103 kB) | quarkus-vertx-deployment-2.4.2.Final.jar (32 kB) | resteasy-reactive-processor-2.4.2.Final.jar (34 kB) | quarkus-smallrye-context-propagation-deployment-2.4.2.Final.jar (5.5/6.9 kB)                                                                                                                                                                                                                                                                    Downloading from central: https://repo.maven.apache.org/maven2/io/quarkus/quarkus-mutiny-deployment/2.4.2.Final/quarkus-mutiny-deployment-2.4.2.Final.jar
Progress (4): resteasy-reactive-common-processor-2.4.2.Final.jar (82/103 kB) | quarkus-vertx-deployment-2.4.2.Final.jar (32 kB) | resteasy-reactive-processor-2.4.2.Final.jar (34 kB) | quarkus-smallrye-context-propagation-deployment-2.4.2.Final.jar (6.9 kB)Progress (4): resteasy-reactive-common-processor-2.4.2.Final.jar (86/103 kB) | quarkus-vertx-deployment-2.4.2.Final.jar (32 kB) | resteasy-reactive-processor-2.4.2.Final.jar (34 kB) | quarkus-smallrye-context-propagation-deployment-2.4.2.Final.jar (6.9 kB)Progress (4): resteasy-reactive-common-processor-2.4.2.Final.jar (90/103 kB) | quarkus-vertx-deployment-2.4.2.Final.jar (32 kB) | resteasy-reactive-processor-2.4.2.Final.jar (34 kB) | quarkus-smallrye-context-propagation-deployment-2.4.2.Final.jar (6.9 kB)Progress (4): resteasy-reactive-common-processor-2.4.2.Final.jar (94/103 kB) | quarkus-vertx-deployment-2.4.2.Final.jar (32 kB) | resteasy-reactive-processor-2.4.2.Final.jar (34 kB) | quarkus-smallrye-context-propagation-deployment-2.4.2.Final.jar (6.9 kB)Progress (4): resteasy-reactive-common-processor-2.4.2.Final.jar (99/103 kB) | quarkus-vertx-deployment-2.4.2.Final.jar (32 kB) | resteasy-reactive-processor-2.4.2.Final.jar (34 kB) | quarkus-smallrye-context-propagation-deployment-2.4.2.Final.jar (6.9 kB)Progress (4): resteasy-reactive-common-processor-2.4.2.Final.jar (103/103 kB) | quarkus-vertx-deployment-2.4.2.Final.jar (32 kB) | resteasy-reactive-processor-2.4.2.Final.jar (34 kB) | quarkus-smallrye-context-propagation-deployment-2.4.2.Final.jar (6.9 kB)Progress (4): resteasy-reactive-common-processor-2.4.2.Final.jar (103 kB) | quarkus-vertx-deployment-2.4.2.Final.jar (32 kB) | resteasy-reactive-processor-2.4.2.Final.jar (34 kB) | quarkus-smallrye-context-propagation-deployment-2.4.2.Final.jar (6.9 kB)    Progress (5): resteasy-reactive-common-processor-2.4.2.Final.jar (103 kB) | quarkus-vertx-deployment-2.4.2.Final.jar (32 kB) | resteasy-reactive-processor-2.4.2.Final.jar (34 kB) | quarkus-smallrye-context-propagation-deployment-2.4.2.Final.jar (6.9 kB) | quarkus-mutiny-deployment-2.4.2.Final.jar (2.7/4.0 kB)Progress (5): resteasy-reactive-common-processor-2.4.2.Final.jar (103 kB) | quarkus-vertx-deployment-2.4.2.Final.jar (32 kB) | resteasy-reactive-processor-2.4.2.Final.jar (34 kB) | quarkus-smallrye-context-propagation-deployment-2.4.2.Final.jar (6.9 kB) | quarkus-mutiny-deployment-2.4.2.Final.jar (4.0 kB)                                                                                                                                                                                                                                                                                                                      Downloaded from central: https://repo.maven.apache.org/maven2/io/quarkus/quarkus-smallrye-context-propagation-deployment/2.4.2.Final/quarkus-smallrye-context-propagation-deployment-2.4.2.Final.jar (6.9 kB at 85 kB/s)
Downloading from central: https://repo.maven.apache.org/maven2/io/quarkus/quarkus-kubernetes-spi/2.4.2.Final/quarkus-kubernetes-spi-2.4.2.Final.jar
Downloaded from central: https://repo.maven.apache.org/maven2/io/quarkus/resteasy/reactive/resteasy-reactive-common-processor/2.4.2.Final/resteasy-reactive-common-processor-2.4.2.Final.jar (103 kB at 1.2 MB/s)
Downloading from central: https://repo.maven.apache.org/maven2/io/quarkus/quarkus-vertx-http-deployment/2.4.2.Final/quarkus-vertx-http-deployment-2.4.2.Final.jar
Downloaded from central: https://repo.maven.apache.org/maven2/io/quarkus/quarkus-mutiny-deployment/2.4.2.Final/quarkus-mutiny-deployment-2.4.2.Final.jar (4.0 kB at 45 kB/s)
Downloading from central: https://repo.maven.apache.org/maven2/io/quarkus/quarkus-vertx-http-dev-console-spi/2.4.2.Final/quarkus-vertx-http-dev-console-spi-2.4.2.Final.jar
Progress (3): quarkus-vertx-deployment-2.4.2.Final.jar (32 kB) | resteasy-reactive-processor-2.4.2.Final.jar (34 kB) | quarkus-kubernetes-spi-2.4.2.Final.jar (4.1/21 kB)Progress (3): quarkus-vertx-deployment-2.4.2.Final.jar (32 kB) | resteasy-reactive-processor-2.4.2.Final.jar (34 kB) | quarkus-kubernetes-spi-2.4.2.Final.jar (8.2/21 kB)Progress (3): quarkus-vertx-deployment-2.4.2.Final.jar (32 kB) | resteasy-reactive-processor-2.4.2.Final.jar (34 kB) | quarkus-kubernetes-spi-2.4.2.Final.jar (12/21 kB) Progress (3): quarkus-vertx-deployment-2.4.2.Final.jar (32 kB) | resteasy-reactive-processor-2.4.2.Final.jar (34 kB) | quarkus-kubernetes-spi-2.4.2.Final.jar (16/21 kB)Progress (3): quarkus-vertx-deployment-2.4.2.Final.jar (32 kB) | resteasy-reactive-processor-2.4.2.Final.jar (34 kB) | quarkus-kubernetes-spi-2.4.2.Final.jar (20/21 kB)Progress (3): quarkus-vertx-deployment-2.4.2.Final.jar (32 kB) | resteasy-reactive-processor-2.4.2.Final.jar (34 kB) | quarkus-kubernetes-spi-2.4.2.Final.jar (21 kB)   Progress (4): quarkus-vertx-deployment-2.4.2.Final.jar (32 kB) | resteasy-reactive-processor-2.4.2.Final.jar (34 kB) | quarkus-kubernetes-spi-2.4.2.Final.jar (21 kB) | quarkus-vertx-http-dev-console-spi-2.4.2.Final.jar (2.7/7.5 kB)                                                                                                                                                                                                                                       Downloaded from central: https://repo.maven.apache.org/maven2/io/quarkus/quarkus-kubernetes-spi/2.4.2.Final/quarkus-kubernetes-spi-2.4.2.Final.jar (21 kB at 211 kB/s)
Downloading from central: https://repo.maven.apache.org/maven2/io/quarkus/arc/arc-processor/2.4.2.Final/arc-processor-2.4.2.Final.jar
Progress (3): quarkus-vertx-deployment-2.4.2.Final.jar (32 kB) | resteasy-reactive-processor-2.4.2.Final.jar (34 kB) | quarkus-vertx-http-dev-console-spi-2.4.2.Final.jar (5.5/7.5 kB)Progress (3): quarkus-vertx-deployment-2.4.2.Final.jar (32 kB) | resteasy-reactive-processor-2.4.2.Final.jar (34 kB) | quarkus-vertx-http-dev-console-spi-2.4.2.Final.jar (7.5 kB)    Progress (4): quarkus-vertx-deployment-2.4.2.Final.jar (32 kB) | resteasy-reactive-processor-2.4.2.Final.jar (34 kB) | quarkus-vertx-http-dev-console-spi-2.4.2.Final.jar (7.5 kB) | quarkus-vertx-http-deployment-2.4.2.Final.jar (0/3.0 MB)                                                                                                                                                                                                                                             Downloaded from central: https://repo.maven.apache.org/maven2/io/quarkus/resteasy/reactive/resteasy-reactive-processor/2.4.2.Final/resteasy-reactive-processor-2.4.2.Final.jar (34 kB at 320 kB/s)
Downloading from central: https://repo.maven.apache.org/maven2/io/quarkus/quarkus-arc-deployment/2.4.2.Final/quarkus-arc-deployment-2.4.2.Final.jar
Progress (3): quarkus-vertx-deployment-2.4.2.Final.jar (32 kB) | quarkus-vertx-http-dev-console-spi-2.4.2.Final.jar (7.5 kB) | quarkus-vertx-http-deployment-2.4.2.Final.jar (0/3.0 MB)Progress (4): quarkus-vertx-deployment-2.4.2.Final.jar (32 kB) | quarkus-vertx-http-dev-console-spi-2.4.2.Final.jar (7.5 kB) | quarkus-vertx-http-deployment-2.4.2.Final.jar (0/3.0 MB) | arc-processor-2.4.2.Final.jar (2.7/384 kB)Progress (4): quarkus-vertx-deployment-2.4.2.Final.jar (32 kB) | quarkus-vertx-http-dev-console-spi-2.4.2.Final.jar (7.5 kB) | quarkus-vertx-http-deployment-2.4.2.Final.jar (0/3.0 MB) | arc-processor-2.4.2.Final.jar (5.5/384 kB)Progress (4): quarkus-vertx-deployment-2.4.2.Final.jar (32 kB) | quarkus-vertx-http-dev-console-spi-2.4.2.Final.jar (7.5 kB) | quarkus-vertx-http-deployment-2.4.2.Final.jar (0/3.0 MB) | arc-processor-2.4.2.Final.jar (5.5/384 kB)Progress (4): quarkus-vertx-deployment-2.4.2.Final.jar (32 kB) | quarkus-vertx-http-dev-console-spi-2.4.2.Final.jar (7.5 kB) | quarkus-vertx-http-deployment-2.4.2.Final.jar (0/3.0 MB) | arc-processor-2.4.2.Final.jar (8.2/384 kB)Progress (4): quarkus-vertx-deployment-2.4.2.Final.jar (32 kB) | quarkus-vertx-http-dev-console-spi-2.4.2.Final.jar (7.5 kB) | quarkus-vertx-http-deployment-2.4.2.Final.jar (0/3.0 MB) | arc-processor-2.4.2.Final.jar (11/384 kB) Progress (4): quarkus-vertx-deployment-2.4.2.Final.jar (32 kB) | quarkus-vertx-http-dev-console-spi-2.4.2.Final.jar (7.5 kB) | quarkus-vertx-http-deployment-2.4.2.Final.jar (0/3.0 MB) | arc-processor-2.4.2.Final.jar (14/384 kB)Progress (5): quarkus-vertx-deployment-2.4.2.Final.jar (32 kB) | quarkus-vertx-http-dev-console-spi-2.4.2.Final.jar (7.5 kB) | quarkus-vertx-http-deployment-2.4.2.Final.jar (0/3.0 MB) | arc-processor-2.4.2.Final.jar (14/384 kB) | quarkus-arc-deployment-2.4.2.Final.jar (4.1/245 kB)                                                                                                                                                                                                                                                                                         Downloaded from central: https://repo.maven.apache.org/maven2/io/quarkus/quarkus-vertx-http-dev-console-spi/2.4.2.Final/quarkus-vertx-http-dev-console-spi-2.4.2.Final.jar (7.5 kB at 44 kB/s)
Downloading from central: https://repo.maven.apache.org/maven2/io/quarkus/quarkus-resteasy-reactive-spi-deployment/2.4.2.Final/quarkus-resteasy-reactive-spi-deployment-2.4.2.Final.jar
Progress (4): quarkus-vertx-deployment-2.4.2.Final.jar (32 kB) | quarkus-vertx-http-deployment-2.4.2.Final.jar (0/3.0 MB) | arc-processor-2.4.2.Final.jar (16/384 kB) | quarkus-arc-deployment-2.4.2.Final.jar (4.1/245 kB)Progress (4): quarkus-vertx-deployment-2.4.2.Final.jar (32 kB) | quarkus-vertx-http-deployment-2.4.2.Final.jar (0/3.0 MB) | arc-processor-2.4.2.Final.jar (16/384 kB) | quarkus-arc-deployment-2.4.2.Final.jar (8.2/245 kB)Progress (4): quarkus-vertx-deployment-2.4.2.Final.jar (32 kB) | quarkus-vertx-http-deployment-2.4.2.Final.jar (0.1/3.0 MB) | arc-processor-2.4.2.Final.jar (16/384 kB) | quarkus-arc-deployment-2.4.2.Final.jar (8.2/245 kB)Progress (4): quarkus-vertx-deployment-2.4.2.Final.jar (32 kB) | quarkus-vertx-http-deployment-2.4.2.Final.jar (0.1/3.0 MB) | arc-processor-2.4.2.Final.jar (19/384 kB) | quarkus-arc-deployment-2.4.2.Final.jar (8.2/245 kB)Progress (4): quarkus-vertx-deployment-2.4.2.Final.jar (32 kB) | quarkus-vertx-http-deployment-2.4.2.Final.jar (0.1/3.0 MB) | arc-processor-2.4.2.Final.jar (22/384 kB) | quarkus-arc-deployment-2.4.2.Final.jar (8.2/245 kB)Progress (4): quarkus-vertx-deployment-2.4.2.Final.jar (32 kB) | quarkus-vertx-http-deployment-2.4.2.Final.jar (0.1/3.0 MB) | arc-processor-2.4.2.Final.jar (22/384 kB) | quarkus-arc-deployment-2.4.2.Final.jar (12/245 kB) Progress (4): quarkus-vertx-deployment-2.4.2.Final.jar (32 kB) | quarkus-vertx-http-deployment-2.4.2.Final.jar (0.1/3.0 MB) | arc-processor-2.4.2.Final.jar (22/384 kB) | quarkus-arc-deployment-2.4.2.Final.jar (16/245 kB)Progress (4): quarkus-vertx-deployment-2.4.2.Final.jar (32 kB) | quarkus-vertx-http-deployment-2.4.2.Final.jar (0.1/3.0 MB) | arc-processor-2.4.2.Final.jar (25/384 kB) | quarkus-arc-deployment-2.4.2.Final.jar (16/245 kB)Progress (4): quarkus-vertx-deployment-2.4.2.Final.jar (32 kB) | quarkus-vertx-http-deployment-2.4.2.Final.jar (0.1/3.0 MB) | arc-processor-2.4.2.Final.jar (25/384 kB) | quarkus-arc-deployment-2.4.2.Final.jar (16/245 kB)Progress (4): quarkus-vertx-deployment-2.4.2.Final.jar (32 kB) | quarkus-vertx-http-deployment-2.4.2.Final.jar (0.1/3.0 MB) | arc-processor-2.4.2.Final.jar (27/384 kB) | quarkus-arc-deployment-2.4.2.Final.jar (16/245 kB)Progress (4): quarkus-vertx-deployment-2.4.2.Final.jar (32 kB) | quarkus-vertx-http-deployment-2.4.2.Final.jar (0.1/3.0 MB) | arc-processor-2.4.2.Final.jar (27/384 kB) | quarkus-arc-deployment-2.4.2.Final.jar (20/245 kB)Progress (4): quarkus-vertx-deployment-2.4.2.Final.jar (32 kB) | quarkus-vertx-http-deployment-2.4.2.Final.jar (0.1/3.0 MB) | arc-processor-2.4.2.Final.jar (30/384 kB) | quarkus-arc-deployment-2.4.2.Final.jar (20/245 kB)Progress (4): quarkus-vertx-deployment-2.4.2.Final.jar (32 kB) | quarkus-vertx-http-deployment-2.4.2.Final.jar (0.1/3.0 MB) | arc-processor-2.4.2.Final.jar (30/384 kB) | quarkus-arc-deployment-2.4.2.Final.jar (25/245 kB)Progress (4): quarkus-vertx-deployment-2.4.2.Final.jar (32 kB) | quarkus-vertx-http-deployment-2.4.2.Final.jar (0.1/3.0 MB) | arc-processor-2.4.2.Final.jar (30/384 kB) | quarkus-arc-deployment-2.4.2.Final.jar (29/245 kB)Progress (4): quarkus-vertx-deployment-2.4.2.Final.jar (32 kB) | quarkus-vertx-http-deployment-2.4.2.Final.jar (0.1/3.0 MB) | arc-processor-2.4.2.Final.jar (34/384 kB) | quarkus-arc-deployment-2.4.2.Final.jar (29/245 kB)Progress (4): quarkus-vertx-deployment-2.4.2.Final.jar (32 kB) | quarkus-vertx-http-deployment-2.4.2.Final.jar (0.1/3.0 MB) | arc-processor-2.4.2.Final.jar (34/384 kB) | quarkus-arc-deployment-2.4.2.Final.jar (33/245 kB)Progress (4): quarkus-vertx-deployment-2.4.2.Final.jar (32 kB) | quarkus-vertx-http-deployment-2.4.2.Final.jar (0.1/3.0 MB) | arc-processor-2.4.2.Final.jar (34/384 kB) | quarkus-arc-deployment-2.4.2.Final.jar (33/245 kB)Progress (4): quarkus-vertx-deployment-2.4.2.Final.jar (32 kB) | quarkus-vertx-http-deployment-2.4.2.Final.jar (0.1/3.0 MB) | arc-processor-2.4.2.Final.jar (38/384 kB) | quarkus-arc-deployment-2.4.2.Final.jar (33/245 kB)Progress (4): quarkus-vertx-deployment-2.4.2.Final.jar (32 kB) | quarkus-vertx-http-deployment-2.4.2.Final.jar (0.1/3.0 MB) | arc-processor-2.4.2.Final.jar (38/384 kB) | quarkus-arc-deployment-2.4.2.Final.jar (37/245 kB)Progress (4): quarkus-vertx-deployment-2.4.2.Final.jar (32 kB) | quarkus-vertx-http-deployment-2.4.2.Final.jar (0.1/3.0 MB) | arc-processor-2.4.2.Final.jar (38/384 kB) | quarkus-arc-deployment-2.4.2.Final.jar (41/245 kB)Progress (5): quarkus-vertx-deployment-2.4.2.Final.jar (32 kB) | quarkus-vertx-http-deployment-2.4.2.Final.jar (0.1/3.0 MB) | arc-processor-2.4.2.Final.jar (38/384 kB) | quarkus-arc-deployment-2.4.2.Final.jar (41/245 kB) | quarkus-resteasy-reactive-spi-deployment-2.4.2.Final.jar (4.1/24 kB)                                                                                                                                                                                                                                                                                                   Downloaded from central: https://repo.maven.apache.org/maven2/io/quarkus/quarkus-vertx-deployment/2.4.2.Final/quarkus-vertx-deployment-2.4.2.Final.jar (32 kB at 166 kB/s)
Downloading from central: https://repo.maven.apache.org/maven2/io/quarkus/quarkus-resteasy-reactive-server-spi-deployment/2.4.2.Final/quarkus-resteasy-reactive-server-spi-deployment-2.4.2.Final.jar
Progress (4): quarkus-vertx-http-deployment-2.4.2.Final.jar (0.1/3.0 MB) | arc-processor-2.4.2.Final.jar (42/384 kB) | quarkus-arc-deployment-2.4.2.Final.jar (41/245 kB) | quarkus-resteasy-reactive-spi-deployment-2.4.2.Final.jar (4.1/24 kB)Progress (4): quarkus-vertx-http-deployment-2.4.2.Final.jar (0.1/3.0 MB) | arc-processor-2.4.2.Final.jar (42/384 kB) | quarkus-arc-deployment-2.4.2.Final.jar (45/245 kB) | quarkus-resteasy-reactive-spi-deployment-2.4.2.Final.jar (4.1/24 kB)Progress (4): quarkus-vertx-http-deployment-2.4.2.Final.jar (0.1/3.0 MB) | arc-processor-2.4.2.Final.jar (42/384 kB) | quarkus-arc-deployment-2.4.2.Final.jar (45/245 kB) | quarkus-resteasy-reactive-spi-deployment-2.4.2.Final.jar (8.2/24 kB)Progress (4): quarkus-vertx-http-deployment-2.4.2.Final.jar (0.1/3.0 MB) | arc-processor-2.4.2.Final.jar (47/384 kB) | quarkus-arc-deployment-2.4.2.Final.jar (45/245 kB) | quarkus-resteasy-reactive-spi-deployment-2.4.2.Final.jar (8.2/24 kB)Progress (4): quarkus-vertx-http-deployment-2.4.2.Final.jar (0.1/3.0 MB) | arc-processor-2.4.2.Final.jar (47/384 kB) | quarkus-arc-deployment-2.4.2.Final.jar (45/245 kB) | quarkus-resteasy-reactive-spi-deployment-2.4.2.Final.jar (8.2/24 kB)Progress (4): quarkus-vertx-http-deployment-2.4.2.Final.jar (0.1/3.0 MB) | arc-processor-2.4.2.Final.jar (47/384 kB) | quarkus-arc-deployment-2.4.2.Final.jar (45/245 kB) | quarkus-resteasy-reactive-spi-deployment-2.4.2.Final.jar (12/24 kB) Progress (4): quarkus-vertx-http-deployment-2.4.2.Final.jar (0.1/3.0 MB) | arc-processor-2.4.2.Final.jar (47/384 kB) | quarkus-arc-deployment-2.4.2.Final.jar (49/245 kB) | quarkus-resteasy-reactive-spi-deployment-2.4.2.Final.jar (12/24 kB)Progress (4): quarkus-vertx-http-deployment-2.4.2.Final.jar (0.1/3.0 MB) | arc-processor-2.4.2.Final.jar (47/384 kB) | quarkus-arc-deployment-2.4.2.Final.jar (49/245 kB) | quarkus-resteasy-reactive-spi-deployment-2.4.2.Final.jar (16/24 kB)Progress (4): quarkus-vertx-http-deployment-2.4.2.Final.jar (0.1/3.0 MB) | arc-processor-2.4.2.Final.jar (47/384 kB) | quarkus-arc-deployment-2.4.2.Final.jar (53/245 kB) | quarkus-resteasy-reactive-spi-deployment-2.4.2.Final.jar (16/24 kB)Progress (4): quarkus-vertx-http-deployment-2.4.2.Final.jar (0.1/3.0 MB) | arc-processor-2.4.2.Final.jar (47/384 kB) | quarkus-arc-deployment-2.4.2.Final.jar (53/245 kB) | quarkus-resteasy-reactive-spi-deployment-2.4.2.Final.jar (20/24 kB)Progress (4): quarkus-vertx-http-deployment-2.4.2.Final.jar (0.1/3.0 MB) | arc-processor-2.4.2.Final.jar (51/384 kB) | quarkus-arc-deployment-2.4.2.Final.jar (53/245 kB) | quarkus-resteasy-reactive-spi-deployment-2.4.2.Final.jar (20/24 kB)Progress (4): quarkus-vertx-http-deployment-2.4.2.Final.jar (0.1/3.0 MB) | arc-processor-2.4.2.Final.jar (51/384 kB) | quarkus-arc-deployment-2.4.2.Final.jar (53/245 kB) | quarkus-resteasy-reactive-spi-deployment-2.4.2.Final.jar (24 kB)   Progress (4): quarkus-vertx-http-deployment-2.4.2.Final.jar (0.1/3.0 MB) | arc-processor-2.4.2.Final.jar (51/384 kB) | quarkus-arc-deployment-2.4.2.Final.jar (57/245 kB) | quarkus-resteasy-reactive-spi-deployment-2.4.2.Final.jar (24 kB)Progress (4): quarkus-vertx-http-deployment-2.4.2.Final.jar (0.1/3.0 MB) | arc-processor-2.4.2.Final.jar (51/384 kB) | quarkus-arc-deployment-2.4.2.Final.jar (57/245 kB) | quarkus-resteasy-reactive-spi-deployment-2.4.2.Final.jar (24 kB)Progress (4): quarkus-vertx-http-deployment-2.4.2.Final.jar (0.1/3.0 MB) | arc-processor-2.4.2.Final.jar (55/384 kB) | quarkus-arc-deployment-2.4.2.Final.jar (57/245 kB) | quarkus-resteasy-reactive-spi-deployment-2.4.2.Final.jar (24 kB)Progress (4): quarkus-vertx-http-deployment-2.4.2.Final.jar (0.1/3.0 MB) | arc-processor-2.4.2.Final.jar (55/384 kB) | quarkus-arc-deployment-2.4.2.Final.jar (61/245 kB) | quarkus-resteasy-reactive-spi-deployment-2.4.2.Final.jar (24 kB)Progress (4): quarkus-vertx-http-deployment-2.4.2.Final.jar (0.1/3.0 MB) | arc-processor-2.4.2.Final.jar (59/384 kB) | quarkus-arc-deployment-2.4.2.Final.jar (61/245 kB) | quarkus-resteasy-reactive-spi-deployment-2.4.2.Final.jar (24 kB)Progress (5): quarkus-vertx-http-deployment-2.4.2.Final.jar (0.1/3.0 MB) | arc-processor-2.4.2.Final.jar (59/384 kB) | quarkus-arc-deployment-2.4.2.Final.jar (61/245 kB) | quarkus-resteasy-reactive-spi-deployment-2.4.2.Final.jar (24 kB) | quarkus-resteasy-reactive-server-spi-deployment-2.4.2.Final.jar (2.7/4.9 kB)Progress (5): quarkus-vertx-http-deployment-2.4.2.Final.jar (0.1/3.0 MB) | arc-processor-2.4.2.Final.jar (63/384 kB) | quarkus-arc-deployment-2.4.2.Final.jar (61/245 kB) | quarkus-resteasy-reactive-spi-deployment-2.4.2.Final.jar (24 kB) | quarkus-resteasy-reactive-server-spi-deployment-2.4.2.Final.jar (2.7/4.9 kB)Progress (5): quarkus-vertx-http-deployment-2.4.2.Final.jar (0.1/3.0 MB) | arc-processor-2.4.2.Final.jar (63/384 kB) | quarkus-arc-deployment-2.4.2.Final.jar (66/245 kB) | quarkus-resteasy-reactive-spi-deployment-2.4.2.Final.jar (24 kB) | quarkus-resteasy-reactive-server-spi-deployment-2.4.2.Final.jar (2.7/4.9 kB)Progress (5): quarkus-vertx-http-deployment-2.4.2.Final.jar (0.1/3.0 MB) | arc-processor-2.4.2.Final.jar (63/384 kB) | quarkus-arc-deployment-2.4.2.Final.jar (66/245 kB) | quarkus-resteasy-reactive-spi-deployment-2.4.2.Final.jar (24 kB) | quarkus-resteasy-reactive-server-spi-deployment-2.4.2.Final.jar (4.9 kB)    Progress (5): quarkus-vertx-http-deployment-2.4.2.Final.jar (0.1/3.0 MB) | arc-processor-2.4.2.Final.jar (63/384 kB) | quarkus-arc-deployment-2.4.2.Final.jar (70/245 kB) | quarkus-resteasy-reactive-spi-deployment-2.4.2.Final.jar (24 kB) | quarkus-resteasy-reactive-server-spi-deployment-2.4.2.Final.jar (4.9 kB)Progress (5): quarkus-vertx-http-deployment-2.4.2.Final.jar (0.1/3.0 MB) | arc-processor-2.4.2.Final.jar (63/384 kB) | quarkus-arc-deployment-2.4.2.Final.jar (70/245 kB) | quarkus-resteasy-reactive-spi-deployment-2.4.2.Final.jar (24 kB) | quarkus-resteasy-reactive-server-spi-deployment-2.4.2.Final.jar (4.9 kB)Progress (5): quarkus-vertx-http-deployment-2.4.2.Final.jar (0.1/3.0 MB) | arc-processor-2.4.2.Final.jar (67/384 kB) | quarkus-arc-deployment-2.4.2.Final.jar (70/245 kB) | quarkus-resteasy-reactive-spi-deployment-2.4.2.Final.jar (24 kB) | quarkus-resteasy-reactive-server-spi-deployment-2.4.2.Final.jar (4.9 kB)Progress (5): quarkus-vertx-http-deployment-2.4.2.Final.jar (0.1/3.0 MB) | arc-processor-2.4.2.Final.jar (67/384 kB) | quarkus-arc-deployment-2.4.2.Final.jar (74/245 kB) | quarkus-resteasy-reactive-spi-deployment-2.4.2.Final.jar (24 kB) | quarkus-resteasy-reactive-server-spi-deployment-2.4.2.Final.jar (4.9 kB)Progress (5): quarkus-vertx-http-deployment-2.4.2.Final.jar (0.1/3.0 MB) | arc-processor-2.4.2.Final.jar (71/384 kB) | quarkus-arc-deployment-2.4.2.Final.jar (74/245 kB) | quarkus-resteasy-reactive-spi-deployment-2.4.2.Final.jar (24 kB) | quarkus-resteasy-reactive-server-spi-deployment-2.4.2.Final.jar (4.9 kB)Progress (5): quarkus-vertx-http-deployment-2.4.2.Final.jar (0.1/3.0 MB) | arc-processor-2.4.2.Final.jar (71/384 kB) | quarkus-arc-deployment-2.4.2.Final.jar (78/245 kB) | quarkus-resteasy-reactive-spi-deployment-2.4.2.Final.jar (24 kB) | quarkus-resteasy-reactive-server-spi-deployment-2.4.2.Final.jar (4.9 kB)Progress (5): quarkus-vertx-http-deployment-2.4.2.Final.jar (0.1/3.0 MB) | arc-processor-2.4.2.Final.jar (75/384 kB) | quarkus-arc-deployment-2.4.2.Final.jar (78/245 kB) | quarkus-resteasy-reactive-spi-deployment-2.4.2.Final.jar (24 kB) | quarkus-resteasy-reactive-server-spi-deployment-2.4.2.Final.jar (4.9 kB)Progress (5): quarkus-vertx-http-deployment-2.4.2.Final.jar (0.1/3.0 MB) | arc-processor-2.4.2.Final.jar (75/384 kB) | quarkus-arc-deployment-2.4.2.Final.jar (82/245 kB) | quarkus-resteasy-reactive-spi-deployment-2.4.2.Final.jar (24 kB) | quarkus-resteasy-reactive-server-spi-deployment-2.4.2.Final.jar (4.9 kB)Progress (5): quarkus-vertx-http-deployment-2.4.2.Final.jar (0.1/3.0 MB) | arc-processor-2.4.2.Final.jar (79/384 kB) | quarkus-arc-deployment-2.4.2.Final.jar (82/245 kB) | quarkus-resteasy-reactive-spi-deployment-2.4.2.Final.jar (24 kB) | quarkus-resteasy-reactive-server-spi-deployment-2.4.2.Final.jar (4.9 kB)Progress (5): quarkus-vertx-http-deployment-2.4.2.Final.jar (0.1/3.0 MB) | arc-processor-2.4.2.Final.jar (79/384 kB) | quarkus-arc-deployment-2.4.2.Final.jar (86/245 kB) | quarkus-resteasy-reactive-spi-deployment-2.4.2.Final.jar (24 kB) | quarkus-resteasy-reactive-server-spi-deployment-2.4.2.Final.jar (4.9 kB)Progress (5): quarkus-vertx-http-deployment-2.4.2.Final.jar (0.1/3.0 MB) | arc-processor-2.4.2.Final.jar (83/384 kB) | quarkus-arc-deployment-2.4.2.Final.jar (86/245 kB) | quarkus-resteasy-reactive-spi-deployment-2.4.2.Final.jar (24 kB) | quarkus-resteasy-reactive-server-spi-deployment-2.4.2.Final.jar (4.9 kB)Progress (5): quarkus-vertx-http-deployment-2.4.2.Final.jar (0.1/3.0 MB) | arc-processor-2.4.2.Final.jar (88/384 kB) | quarkus-arc-deployment-2.4.2.Final.jar (86/245 kB) | quarkus-resteasy-reactive-spi-deployment-2.4.2.Final.jar (24 kB) | quarkus-resteasy-reactive-server-spi-deployment-2.4.2.Final.jar (4.9 kB)Progress (5): quarkus-vertx-http-deployment-2.4.2.Final.jar (0.1/3.0 MB) | arc-processor-2.4.2.Final.jar (88/384 kB) | quarkus-arc-deployment-2.4.2.Final.jar (90/245 kB) | quarkus-resteasy-reactive-spi-deployment-2.4.2.Final.jar (24 kB) | quarkus-resteasy-reactive-server-spi-deployment-2.4.2.Final.jar (4.9 kB)                                                                                                                                                                                                                                                                                                                       Downloaded from central: https://repo.maven.apache.org/maven2/io/quarkus/quarkus-resteasy-reactive-spi-deployment/2.4.2.Final/quarkus-resteasy-reactive-spi-deployment-2.4.2.Final.jar (24 kB at 112 kB/s)
Progress (4): quarkus-vertx-http-deployment-2.4.2.Final.jar (0.2/3.0 MB) | arc-processor-2.4.2.Final.jar (88/384 kB) | quarkus-arc-deployment-2.4.2.Final.jar (90/245 kB) | quarkus-resteasy-reactive-server-spi-deployment-2.4.2.Final.jar (4.9 kB)Progress (4): quarkus-vertx-http-deployment-2.4.2.Final.jar (0.2/3.0 MB) | arc-processor-2.4.2.Final.jar (88/384 kB) | quarkus-arc-deployment-2.4.2.Final.jar (94/245 kB) | quarkus-resteasy-reactive-server-spi-deployment-2.4.2.Final.jar (4.9 kB)                                                                                                                                                                                                                                                    Downloaded from central: https://repo.maven.apache.org/maven2/io/quarkus/quarkus-resteasy-reactive-server-spi-deployment/2.4.2.Final/quarkus-resteasy-reactive-server-spi-deployment-2.4.2.Final.jar (4.9 kB at 23 kB/s)
Downloading from central: https://repo.maven.apache.org/maven2/io/quarkus/quarkus-jaxrs-spi-deployment/2.4.2.Final/quarkus-jaxrs-spi-deployment-2.4.2.Final.jar
Downloading from central: https://repo.maven.apache.org/maven2/io/quarkus/quarkus-security-spi/2.4.2.Final/quarkus-security-spi-2.4.2.Final.jar
Progress (3): quarkus-vertx-http-deployment-2.4.2.Final.jar (0.2/3.0 MB) | arc-processor-2.4.2.Final.jar (92/384 kB) | quarkus-arc-deployment-2.4.2.Final.jar (94/245 kB)Progress (3): quarkus-vertx-http-deployment-2.4.2.Final.jar (0.2/3.0 MB) | arc-processor-2.4.2.Final.jar (92/384 kB) | quarkus-arc-deployment-2.4.2.Final.jar (98/245 kB)Progress (3): quarkus-vertx-http-deployment-2.4.2.Final.jar (0.2/3.0 MB) | arc-processor-2.4.2.Final.jar (96/384 kB) | quarkus-arc-deployment-2.4.2.Final.jar (98/245 kB)Progress (3): quarkus-vertx-http-deployment-2.4.2.Final.jar (0.2/3.0 MB) | arc-processor-2.4.2.Final.jar (96/384 kB) | quarkus-arc-deployment-2.4.2.Final.jar (102/245 kB)Progress (3): quarkus-vertx-http-deployment-2.4.2.Final.jar (0.2/3.0 MB) | arc-processor-2.4.2.Final.jar (100/384 kB) | quarkus-arc-deployment-2.4.2.Final.jar (102/245 kB)Progress (3): quarkus-vertx-http-deployment-2.4.2.Final.jar (0.2/3.0 MB) | arc-processor-2.4.2.Final.jar (100/384 kB) | quarkus-arc-deployment-2.4.2.Final.jar (102/245 kB)Progress (3): quarkus-vertx-http-deployment-2.4.2.Final.jar (0.2/3.0 MB) | arc-processor-2.4.2.Final.jar (104/384 kB) | quarkus-arc-deployment-2.4.2.Final.jar (102/245 kB)Progress (3): quarkus-vertx-http-deployment-2.4.2.Final.jar (0.2/3.0 MB) | arc-processor-2.4.2.Final.jar (104/384 kB) | quarkus-arc-deployment-2.4.2.Final.jar (106/245 kB)Progress (3): quarkus-vertx-http-deployment-2.4.2.Final.jar (0.2/3.0 MB) | arc-processor-2.4.2.Final.jar (108/384 kB) | quarkus-arc-deployment-2.4.2.Final.jar (106/245 kB)Progress (3): quarkus-vertx-http-deployment-2.4.2.Final.jar (0.2/3.0 MB) | arc-processor-2.4.2.Final.jar (112/384 kB) | quarkus-arc-deployment-2.4.2.Final.jar (106/245 kB)Progress (3): quarkus-vertx-http-deployment-2.4.2.Final.jar (0.2/3.0 MB) | arc-processor-2.4.2.Final.jar (112/384 kB) | quarkus-arc-deployment-2.4.2.Final.jar (111/245 kB)Progress (3): quarkus-vertx-http-deployment-2.4.2.Final.jar (0.2/3.0 MB) | arc-processor-2.4.2.Final.jar (116/384 kB) | quarkus-arc-deployment-2.4.2.Final.jar (111/245 kB)Progress (3): quarkus-vertx-http-deployment-2.4.2.Final.jar (0.2/3.0 MB) | arc-processor-2.4.2.Final.jar (116/384 kB) | quarkus-arc-deployment-2.4.2.Final.jar (115/245 kB)Progress (4): quarkus-vertx-http-deployment-2.4.2.Final.jar (0.2/3.0 MB) | arc-processor-2.4.2.Final.jar (116/384 kB) | quarkus-arc-deployment-2.4.2.Final.jar (115/245 kB) | quarkus-jaxrs-spi-deployment-2.4.2.Final.jar (3.4 kB)Progress (4): quarkus-vertx-http-deployment-2.4.2.Final.jar (0.2/3.0 MB) | arc-processor-2.4.2.Final.jar (120/384 kB) | quarkus-arc-deployment-2.4.2.Final.jar (115/245 kB) | quarkus-jaxrs-spi-deployment-2.4.2.Final.jar (3.4 kB)Progress (4): quarkus-vertx-http-deployment-2.4.2.Final.jar (0.2/3.0 MB) | arc-processor-2.4.2.Final.jar (120/384 kB) | quarkus-arc-deployment-2.4.2.Final.jar (119/245 kB) | quarkus-jaxrs-spi-deployment-2.4.2.Final.jar (3.4 kB)Progress (4): quarkus-vertx-http-deployment-2.4.2.Final.jar (0.2/3.0 MB) | arc-processor-2.4.2.Final.jar (124/384 kB) | quarkus-arc-deployment-2.4.2.Final.jar (119/245 kB) | quarkus-jaxrs-spi-deployment-2.4.2.Final.jar (3.4 kB)Progress (4): quarkus-vertx-http-deployment-2.4.2.Final.jar (0.2/3.0 MB) | arc-processor-2.4.2.Final.jar (124/384 kB) | quarkus-arc-deployment-2.4.2.Final.jar (119/245 kB) | quarkus-jaxrs-spi-deployment-2.4.2.Final.jar (3.4 kB)Progress (4): quarkus-vertx-http-deployment-2.4.2.Final.jar (0.2/3.0 MB) | arc-processor-2.4.2.Final.jar (128/384 kB) | quarkus-arc-deployment-2.4.2.Final.jar (119/245 kB) | quarkus-jaxrs-spi-deployment-2.4.2.Final.jar (3.4 kB)Progress (4): quarkus-vertx-http-deployment-2.4.2.Final.jar (0.2/3.0 MB) | arc-processor-2.4.2.Final.jar (128/384 kB) | quarkus-arc-deployment-2.4.2.Final.jar (123/245 kB) | quarkus-jaxrs-spi-deployment-2.4.2.Final.jar (3.4 kB)Progress (4): quarkus-vertx-http-deployment-2.4.2.Final.jar (0.2/3.0 MB) | arc-processor-2.4.2.Final.jar (128/384 kB) | quarkus-arc-deployment-2.4.2.Final.jar (127/245 kB) | quarkus-jaxrs-spi-deployment-2.4.2.Final.jar (3.4 kB)Progress (4): quarkus-vertx-http-deployment-2.4.2.Final.jar (0.2/3.0 MB) | arc-processor-2.4.2.Final.jar (133/384 kB) | quarkus-arc-deployment-2.4.2.Final.jar (127/245 kB) | quarkus-jaxrs-spi-deployment-2.4.2.Final.jar (3.4 kB)Progress (4): quarkus-vertx-http-deployment-2.4.2.Final.jar (0.2/3.0 MB) | arc-processor-2.4.2.Final.jar (137/384 kB) | quarkus-arc-deployment-2.4.2.Final.jar (127/245 kB) | quarkus-jaxrs-spi-deployment-2.4.2.Final.jar (3.4 kB)Progress (4): quarkus-vertx-http-deployment-2.4.2.Final.jar (0.2/3.0 MB) | arc-processor-2.4.2.Final.jar (137/384 kB) | quarkus-arc-deployment-2.4.2.Final.jar (131/245 kB) | quarkus-jaxrs-spi-deployment-2.4.2.Final.jar (3.4 kB)Progress (4): quarkus-vertx-http-deployment-2.4.2.Final.jar (0.2/3.0 MB) | arc-processor-2.4.2.Final.jar (137/384 kB) | quarkus-arc-deployment-2.4.2.Final.jar (131/245 kB) | quarkus-jaxrs-spi-deployment-2.4.2.Final.jar (3.4 kB)Progress (4): quarkus-vertx-http-deployment-2.4.2.Final.jar (0.2/3.0 MB) | arc-processor-2.4.2.Final.jar (141/384 kB) | quarkus-arc-deployment-2.4.2.Final.jar (131/245 kB) | quarkus-jaxrs-spi-deployment-2.4.2.Final.jar (3.4 kB)Progress (4): quarkus-vertx-http-deployment-2.4.2.Final.jar (0.2/3.0 MB) | arc-processor-2.4.2.Final.jar (145/384 kB) | quarkus-arc-deployment-2.4.2.Final.jar (131/245 kB) | quarkus-jaxrs-spi-deployment-2.4.2.Final.jar (3.4 kB)Progress (4): quarkus-vertx-http-deployment-2.4.2.Final.jar (0.2/3.0 MB) | arc-processor-2.4.2.Final.jar (145/384 kB) | quarkus-arc-deployment-2.4.2.Final.jar (135/245 kB) | quarkus-jaxrs-spi-deployment-2.4.2.Final.jar (3.4 kB)                                                                                                                                                                                                                                   Downloaded from central: https://repo.maven.apache.org/maven2/io/quarkus/quarkus-jaxrs-spi-deployment/2.4.2.Final/quarkus-jaxrs-spi-deployment-2.4.2.Final.jar (3.4 kB at 14 kB/s)
Downloading from central: https://repo.maven.apache.org/maven2/io/quarkus/quarkus-resteasy-reactive-common-deployment/2.4.2.Final/quarkus-resteasy-reactive-common-deployment-2.4.2.Final.jar
Progress (3): quarkus-vertx-http-deployment-2.4.2.Final.jar (0.2/3.0 MB) | arc-processor-2.4.2.Final.jar (145/384 kB) | quarkus-arc-deployment-2.4.2.Final.jar (139/245 kB)Progress (3): quarkus-vertx-http-deployment-2.4.2.Final.jar (0.2/3.0 MB) | arc-processor-2.4.2.Final.jar (149/384 kB) | quarkus-arc-deployment-2.4.2.Final.jar (139/245 kB)Progress (3): quarkus-vertx-http-deployment-2.4.2.Final.jar (0.2/3.0 MB) | arc-processor-2.4.2.Final.jar (149/384 kB) | quarkus-arc-deployment-2.4.2.Final.jar (139/245 kB)Progress (3): quarkus-vertx-http-deployment-2.4.2.Final.jar (0.2/3.0 MB) | arc-processor-2.4.2.Final.jar (149/384 kB) | quarkus-arc-deployment-2.4.2.Final.jar (143/245 kB)Progress (3): quarkus-vertx-http-deployment-2.4.2.Final.jar (0.2/3.0 MB) | arc-processor-2.4.2.Final.jar (153/384 kB) | quarkus-arc-deployment-2.4.2.Final.jar (143/245 kB)Progress (3): quarkus-vertx-http-deployment-2.4.2.Final.jar (0.2/3.0 MB) | arc-processor-2.4.2.Final.jar (153/384 kB) | quarkus-arc-deployment-2.4.2.Final.jar (147/245 kB)Progress (3): quarkus-vertx-http-deployment-2.4.2.Final.jar (0.2/3.0 MB) | arc-processor-2.4.2.Final.jar (157/384 kB) | quarkus-arc-deployment-2.4.2.Final.jar (147/245 kB)Progress (3): quarkus-vertx-http-deployment-2.4.2.Final.jar (0.2/3.0 MB) | arc-processor-2.4.2.Final.jar (161/384 kB) | quarkus-arc-deployment-2.4.2.Final.jar (147/245 kB)Progress (3): quarkus-vertx-http-deployment-2.4.2.Final.jar (0.2/3.0 MB) | arc-processor-2.4.2.Final.jar (161/384 kB) | quarkus-arc-deployment-2.4.2.Final.jar (152/245 kB)Progress (3): quarkus-vertx-http-deployment-2.4.2.Final.jar (0.2/3.0 MB) | arc-processor-2.4.2.Final.jar (161/384 kB) | quarkus-arc-deployment-2.4.2.Final.jar (152/245 kB)Progress (3): quarkus-vertx-http-deployment-2.4.2.Final.jar (0.2/3.0 MB) | arc-processor-2.4.2.Final.jar (161/384 kB) | quarkus-arc-deployment-2.4.2.Final.jar (156/245 kB)Progress (3): quarkus-vertx-http-deployment-2.4.2.Final.jar (0.2/3.0 MB) | arc-processor-2.4.2.Final.jar (165/384 kB) | quarkus-arc-deployment-2.4.2.Final.jar (156/245 kB)Progress (3): quarkus-vertx-http-deployment-2.4.2.Final.jar (0.2/3.0 MB) | arc-processor-2.4.2.Final.jar (165/384 kB) | quarkus-arc-deployment-2.4.2.Final.jar (160/245 kB)Progress (3): quarkus-vertx-http-deployment-2.4.2.Final.jar (0.2/3.0 MB) | arc-processor-2.4.2.Final.jar (169/384 kB) | quarkus-arc-deployment-2.4.2.Final.jar (160/245 kB)Progress (4): quarkus-vertx-http-deployment-2.4.2.Final.jar (0.2/3.0 MB) | arc-processor-2.4.2.Final.jar (169/384 kB) | quarkus-arc-deployment-2.4.2.Final.jar (160/245 kB) | quarkus-resteasy-reactive-common-deployment-2.4.2.Final.jar (4.1/31 kB)Progress (4): quarkus-vertx-http-deployment-2.4.2.Final.jar (0.2/3.0 MB) | arc-processor-2.4.2.Final.jar (169/384 kB) | quarkus-arc-deployment-2.4.2.Final.jar (164/245 kB) | quarkus-resteasy-reactive-common-deployment-2.4.2.Final.jar (4.1/31 kB)Progress (4): quarkus-vertx-http-deployment-2.4.2.Final.jar (0.2/3.0 MB) | arc-processor-2.4.2.Final.jar (174/384 kB) | quarkus-arc-deployment-2.4.2.Final.jar (164/245 kB) | quarkus-resteasy-reactive-common-deployment-2.4.2.Final.jar (4.1/31 kB)Progress (4): quarkus-vertx-http-deployment-2.4.2.Final.jar (0.2/3.0 MB) | arc-processor-2.4.2.Final.jar (174/384 kB) | quarkus-arc-deployment-2.4.2.Final.jar (164/245 kB) | quarkus-resteasy-reactive-common-deployment-2.4.2.Final.jar (8.2/31 kB)Progress (4): quarkus-vertx-http-deployment-2.4.2.Final.jar (0.2/3.0 MB) | arc-processor-2.4.2.Final.jar (178/384 kB) | quarkus-arc-deployment-2.4.2.Final.jar (164/245 kB) | quarkus-resteasy-reactive-common-deployment-2.4.2.Final.jar (8.2/31 kB)Progress (4): quarkus-vertx-http-deployment-2.4.2.Final.jar (0.2/3.0 MB) | arc-processor-2.4.2.Final.jar (178/384 kB) | quarkus-arc-deployment-2.4.2.Final.jar (164/245 kB) | quarkus-resteasy-reactive-common-deployment-2.4.2.Final.jar (12/31 kB) Progress (4): quarkus-vertx-http-deployment-2.4.2.Final.jar (0.2/3.0 MB) | arc-processor-2.4.2.Final.jar (178/384 kB) | quarkus-arc-deployment-2.4.2.Final.jar (164/245 kB) | quarkus-resteasy-reactive-common-deployment-2.4.2.Final.jar (16/31 kB)Progress (4): quarkus-vertx-http-deployment-2.4.2.Final.jar (0.2/3.0 MB) | arc-processor-2.4.2.Final.jar (178/384 kB) | quarkus-arc-deployment-2.4.2.Final.jar (168/245 kB) | quarkus-resteasy-reactive-common-deployment-2.4.2.Final.jar (16/31 kB)Progress (4): quarkus-vertx-http-deployment-2.4.2.Final.jar (0.3/3.0 MB) | arc-processor-2.4.2.Final.jar (178/384 kB) | quarkus-arc-deployment-2.4.2.Final.jar (168/245 kB) | quarkus-resteasy-reactive-common-deployment-2.4.2.Final.jar (16/31 kB)Progress (4): quarkus-vertx-http-deployment-2.4.2.Final.jar (0.3/3.0 MB) | arc-processor-2.4.2.Final.jar (182/384 kB) | quarkus-arc-deployment-2.4.2.Final.jar (168/245 kB) | quarkus-resteasy-reactive-common-deployment-2.4.2.Final.jar (16/31 kB)Progress (4): quarkus-vertx-http-deployment-2.4.2.Final.jar (0.3/3.0 MB) | arc-processor-2.4.2.Final.jar (182/384 kB) | quarkus-arc-deployment-2.4.2.Final.jar (172/245 kB) | quarkus-resteasy-reactive-common-deployment-2.4.2.Final.jar (16/31 kB)Progress (4): quarkus-vertx-http-deployment-2.4.2.Final.jar (0.3/3.0 MB) | arc-processor-2.4.2.Final.jar (182/384 kB) | quarkus-arc-deployment-2.4.2.Final.jar (172/245 kB) | quarkus-resteasy-reactive-common-deployment-2.4.2.Final.jar (20/31 kB)Progress (4): quarkus-vertx-http-deployment-2.4.2.Final.jar (0.3/3.0 MB) | arc-processor-2.4.2.Final.jar (186/384 kB) | quarkus-arc-deployment-2.4.2.Final.jar (172/245 kB) | quarkus-resteasy-reactive-common-deployment-2.4.2.Final.jar (20/31 kB)Progress (4): quarkus-vertx-http-deployment-2.4.2.Final.jar (0.3/3.0 MB) | arc-processor-2.4.2.Final.jar (186/384 kB) | quarkus-arc-deployment-2.4.2.Final.jar (176/245 kB) | quarkus-resteasy-reactive-common-deployment-2.4.2.Final.jar (20/31 kB)Progress (4): quarkus-vertx-http-deployment-2.4.2.Final.jar (0.3/3.0 MB) | arc-processor-2.4.2.Final.jar (186/384 kB) | quarkus-arc-deployment-2.4.2.Final.jar (176/245 kB) | quarkus-resteasy-reactive-common-deployment-2.4.2.Final.jar (25/31 kB)Progress (4): quarkus-vertx-http-deployment-2.4.2.Final.jar (0.3/3.0 MB) | arc-processor-2.4.2.Final.jar (190/384 kB) | quarkus-arc-deployment-2.4.2.Final.jar (176/245 kB) | quarkus-resteasy-reactive-common-deployment-2.4.2.Final.jar (25/31 kB)Progress (4): quarkus-vertx-http-deployment-2.4.2.Final.jar (0.3/3.0 MB) | arc-processor-2.4.2.Final.jar (190/384 kB) | quarkus-arc-deployment-2.4.2.Final.jar (180/245 kB) | quarkus-resteasy-reactive-common-deployment-2.4.2.Final.jar (25/31 kB)Progress (4): quarkus-vertx-http-deployment-2.4.2.Final.jar (0.3/3.0 MB) | arc-processor-2.4.2.Final.jar (190/384 kB) | quarkus-arc-deployment-2.4.2.Final.jar (180/245 kB) | quarkus-resteasy-reactive-common-deployment-2.4.2.Final.jar (29/31 kB)Progress (4): quarkus-vertx-http-deployment-2.4.2.Final.jar (0.3/3.0 MB) | arc-processor-2.4.2.Final.jar (194/384 kB) | quarkus-arc-deployment-2.4.2.Final.jar (180/245 kB) | quarkus-resteasy-reactive-common-deployment-2.4.2.Final.jar (29/31 kB)Progress (4): quarkus-vertx-http-deployment-2.4.2.Final.jar (0.3/3.0 MB) | arc-processor-2.4.2.Final.jar (194/384 kB) | quarkus-arc-deployment-2.4.2.Final.jar (180/245 kB) | quarkus-resteasy-reactive-common-deployment-2.4.2.Final.jar (31 kB)   Progress (4): quarkus-vertx-http-deployment-2.4.2.Final.jar (0.3/3.0 MB) | arc-processor-2.4.2.Final.jar (194/384 kB) | quarkus-arc-deployment-2.4.2.Final.jar (180/245 kB) | quarkus-resteasy-reactive-common-deployment-2.4.2.Final.jar (31 kB)Progress (4): quarkus-vertx-http-deployment-2.4.2.Final.jar (0.3/3.0 MB) | arc-processor-2.4.2.Final.jar (194/384 kB) | quarkus-arc-deployment-2.4.2.Final.jar (184/245 kB) | quarkus-resteasy-reactive-common-deployment-2.4.2.Final.jar (31 kB)Progress (4): quarkus-vertx-http-deployment-2.4.2.Final.jar (0.3/3.0 MB) | arc-processor-2.4.2.Final.jar (198/384 kB) | quarkus-arc-deployment-2.4.2.Final.jar (184/245 kB) | quarkus-resteasy-reactive-common-deployment-2.4.2.Final.jar (31 kB)Progress (4): quarkus-vertx-http-deployment-2.4.2.Final.jar (0.3/3.0 MB) | arc-processor-2.4.2.Final.jar (198/384 kB) | quarkus-arc-deployment-2.4.2.Final.jar (188/245 kB) | quarkus-resteasy-reactive-common-deployment-2.4.2.Final.jar (31 kB)Progress (4): quarkus-vertx-http-deployment-2.4.2.Final.jar (0.3/3.0 MB) | arc-processor-2.4.2.Final.jar (198/384 kB) | quarkus-arc-deployment-2.4.2.Final.jar (193/245 kB) | quarkus-resteasy-reactive-common-deployment-2.4.2.Final.jar (31 kB)Progress (4): quarkus-vertx-http-deployment-2.4.2.Final.jar (0.3/3.0 MB) | arc-processor-2.4.2.Final.jar (202/384 kB) | quarkus-arc-deployment-2.4.2.Final.jar (193/245 kB) | quarkus-resteasy-reactive-common-deployment-2.4.2.Final.jar (31 kB)Progress (4): quarkus-vertx-http-deployment-2.4.2.Final.jar (0.3/3.0 MB) | arc-processor-2.4.2.Final.jar (202/384 kB) | quarkus-arc-deployment-2.4.2.Final.jar (193/245 kB) | quarkus-resteasy-reactive-common-deployment-2.4.2.Final.jar (31 kB)Progress (4): quarkus-vertx-http-deployment-2.4.2.Final.jar (0.3/3.0 MB) | arc-processor-2.4.2.Final.jar (202/384 kB) | quarkus-arc-deployment-2.4.2.Final.jar (197/245 kB) | quarkus-resteasy-reactive-common-deployment-2.4.2.Final.jar (31 kB)Progress (4): quarkus-vertx-http-deployment-2.4.2.Final.jar (0.3/3.0 MB) | arc-processor-2.4.2.Final.jar (206/384 kB) | quarkus-arc-deployment-2.4.2.Final.jar (197/245 kB) | quarkus-resteasy-reactive-common-deployment-2.4.2.Final.jar (31 kB)                                                                                                                                                                                                                                                 Downloaded from central: https://repo.maven.apache.org/maven2/io/quarkus/quarkus-resteasy-reactive-common-deployment/2.4.2.Final/quarkus-resteasy-reactive-common-deployment-2.4.2.Final.jar (31 kB at 118 kB/s)
Downloading from central: https://repo.maven.apache.org/maven2/io/quarkus/quarkus-resteasy-reactive-deployment/2.4.2.Final/quarkus-resteasy-reactive-deployment-2.4.2.Final.jar
Progress (3): quarkus-vertx-http-deployment-2.4.2.Final.jar (0.3/3.0 MB) | arc-processor-2.4.2.Final.jar (206/384 kB) | quarkus-arc-deployment-2.4.2.Final.jar (201/245 kB)Progress (3): quarkus-vertx-http-deployment-2.4.2.Final.jar (0.3/3.0 MB) | arc-processor-2.4.2.Final.jar (210/384 kB) | quarkus-arc-deployment-2.4.2.Final.jar (201/245 kB)Progress (3): quarkus-vertx-http-deployment-2.4.2.Final.jar (0.3/3.0 MB) | arc-processor-2.4.2.Final.jar (210/384 kB) | quarkus-arc-deployment-2.4.2.Final.jar (205/245 kB)Progress (3): quarkus-vertx-http-deployment-2.4.2.Final.jar (0.3/3.0 MB) | arc-processor-2.4.2.Final.jar (210/384 kB) | quarkus-arc-deployment-2.4.2.Final.jar (205/245 kB)Progress (3): quarkus-vertx-http-deployment-2.4.2.Final.jar (0.3/3.0 MB) | arc-processor-2.4.2.Final.jar (214/384 kB) | quarkus-arc-deployment-2.4.2.Final.jar (205/245 kB)Progress (3): quarkus-vertx-http-deployment-2.4.2.Final.jar (0.3/3.0 MB) | arc-processor-2.4.2.Final.jar (214/384 kB) | quarkus-arc-deployment-2.4.2.Final.jar (209/245 kB)Progress (3): quarkus-vertx-http-deployment-2.4.2.Final.jar (0.3/3.0 MB) | arc-processor-2.4.2.Final.jar (219/384 kB) | quarkus-arc-deployment-2.4.2.Final.jar (209/245 kB)Progress (3): quarkus-vertx-http-deployment-2.4.2.Final.jar (0.3/3.0 MB) | arc-processor-2.4.2.Final.jar (219/384 kB) | quarkus-arc-deployment-2.4.2.Final.jar (213/245 kB)Progress (3): quarkus-vertx-http-deployment-2.4.2.Final.jar (0.3/3.0 MB) | arc-processor-2.4.2.Final.jar (223/384 kB) | quarkus-arc-deployment-2.4.2.Final.jar (213/245 kB)Progress (3): quarkus-vertx-http-deployment-2.4.2.Final.jar (0.3/3.0 MB) | arc-processor-2.4.2.Final.jar (227/384 kB) | quarkus-arc-deployment-2.4.2.Final.jar (213/245 kB)Progress (3): quarkus-vertx-http-deployment-2.4.2.Final.jar (0.3/3.0 MB) | arc-processor-2.4.2.Final.jar (227/384 kB) | quarkus-arc-deployment-2.4.2.Final.jar (217/245 kB)Progress (3): quarkus-vertx-http-deployment-2.4.2.Final.jar (0.3/3.0 MB) | arc-processor-2.4.2.Final.jar (231/384 kB) | quarkus-arc-deployment-2.4.2.Final.jar (217/245 kB)Progress (3): quarkus-vertx-http-deployment-2.4.2.Final.jar (0.3/3.0 MB) | arc-processor-2.4.2.Final.jar (231/384 kB) | quarkus-arc-deployment-2.4.2.Final.jar (217/245 kB)Progress (3): quarkus-vertx-http-deployment-2.4.2.Final.jar (0.3/3.0 MB) | arc-processor-2.4.2.Final.jar (231/384 kB) | quarkus-arc-deployment-2.4.2.Final.jar (221/245 kB)Progress (3): quarkus-vertx-http-deployment-2.4.2.Final.jar (0.3/3.0 MB) | arc-processor-2.4.2.Final.jar (235/384 kB) | quarkus-arc-deployment-2.4.2.Final.jar (221/245 kB)Progress (3): quarkus-vertx-http-deployment-2.4.2.Final.jar (0.3/3.0 MB) | arc-processor-2.4.2.Final.jar (235/384 kB) | quarkus-arc-deployment-2.4.2.Final.jar (225/245 kB)Progress (3): quarkus-vertx-http-deployment-2.4.2.Final.jar (0.3/3.0 MB) | arc-processor-2.4.2.Final.jar (239/384 kB) | quarkus-arc-deployment-2.4.2.Final.jar (225/245 kB)Progress (3): quarkus-vertx-http-deployment-2.4.2.Final.jar (0.3/3.0 MB) | arc-processor-2.4.2.Final.jar (239/384 kB) | quarkus-arc-deployment-2.4.2.Final.jar (229/245 kB)Progress (3): quarkus-vertx-http-deployment-2.4.2.Final.jar (0.3/3.0 MB) | arc-processor-2.4.2.Final.jar (243/384 kB) | quarkus-arc-deployment-2.4.2.Final.jar (229/245 kB)Progress (4): quarkus-vertx-http-deployment-2.4.2.Final.jar (0.3/3.0 MB) | arc-processor-2.4.2.Final.jar (243/384 kB) | quarkus-arc-deployment-2.4.2.Final.jar (229/245 kB) | quarkus-resteasy-reactive-deployment-2.4.2.Final.jar (4.1/131 kB)Progress (4): quarkus-vertx-http-deployment-2.4.2.Final.jar (0.3/3.0 MB) | arc-processor-2.4.2.Final.jar (243/384 kB) | quarkus-arc-deployment-2.4.2.Final.jar (233/245 kB) | quarkus-resteasy-reactive-deployment-2.4.2.Final.jar (4.1/131 kB)Progress (4): quarkus-vertx-http-deployment-2.4.2.Final.jar (0.3/3.0 MB) | arc-processor-2.4.2.Final.jar (243/384 kB) | quarkus-arc-deployment-2.4.2.Final.jar (233/245 kB) | quarkus-resteasy-reactive-deployment-2.4.2.Final.jar (4.1/131 kB)Progress (4): quarkus-vertx-http-deployment-2.4.2.Final.jar (0.3/3.0 MB) | arc-processor-2.4.2.Final.jar (243/384 kB) | quarkus-arc-deployment-2.4.2.Final.jar (233/245 kB) | quarkus-resteasy-reactive-deployment-2.4.2.Final.jar (8.2/131 kB)Progress (4): quarkus-vertx-http-deployment-2.4.2.Final.jar (0.3/3.0 MB) | arc-processor-2.4.2.Final.jar (243/384 kB) | quarkus-arc-deployment-2.4.2.Final.jar (238/245 kB) | quarkus-resteasy-reactive-deployment-2.4.2.Final.jar (8.2/131 kB)Progress (4): quarkus-vertx-http-deployment-2.4.2.Final.jar (0.3/3.0 MB) | arc-processor-2.4.2.Final.jar (247/384 kB) | quarkus-arc-deployment-2.4.2.Final.jar (238/245 kB) | quarkus-resteasy-reactive-deployment-2.4.2.Final.jar (8.2/131 kB)Progres
[...]
r (0.4/3.0 MB) | arc-processor-2.4.2.Final.jar (321/384 kB) | quarkus-resteasy-reactive-deployment-2.4.2.Final.jar (82/131 kB)Progress (3): quarkus-vertx-http-deployment-2.4.2.Final.jar (0.4/3.0 MB) | arc-processor-2.4.2.Final.jar (325/384 kB) | quarkus-resteasy-reactive-deployment-2.4.2.Final.jar (82/131 kB)Progress (3): quarkus-vertx-http-deployment-2.4.2.Final.jar (0.4/3.0 MB) | arc-processor-2.4.2.Final.jar (325/384 kB) | quarkus-resteasy-reactive-deployment-2.4.2.Final.jar (86/131 kB)Progress (3): quarkus-vertx-http-deployment-2.4.2.Final.jar (0.4/3.0 MB) | arc-processor-2.4.2.Final.jar (329/384 kB) | quarkus-resteasy-reactive-deployment-2.4.2.Final.jar (86/131 kB)Progress (3): quarkus-vertx-http-deployment-2.4.2.Final.jar (0.4/3.0 MB) | arc-processor-2.4.2.Final.jar (329/384 kB) | quarkus-resteasy-reactive-deployment-2.4.2.Final.jar (90/131 kB)Progress (3): quarkus-vertx-http-deployment-2.4.2.Final.jar (0.4/3.0 MB) | arc-processor-2.4.2.Final.jar (333/384 kB) | quarkus-resteasy-reactive-deployment-2.4.2.Final.jar (90/131 kB)Progress (3): quarkus-vertx-http-deployment-2.4.2.Final.jar (0.4/3.0 MB) | arc-processor-2.4.2.Final.jar (333/384 kB) | quarkus-resteasy-reactive-deployment-2.4.2.Final.jar (94/131 kB)Progress (3): quarkus-vertx-http-deployment-2.4.2.Final.jar (0.4/3.0 MB) | arc-processor-2.4.2.Final.jar (337/384 kB) | quarkus-resteasy-reactive-deployment-2.4.2.Final.jar (94/131 kB)Progress (3): quarkus-vertx-http-deployment-2.4.2.Final.jar (0.4/3.0 MB) | arc-processor-2.4.2.Final.jar (337/384 kB) | quarkus-resteasy-reactive-deployment-2.4.2.Final.jar (98/131 kB)Progress (3): quarkus-vertx-http-deployment-2.4.2.Final.jar (0.4/3.0 MB) | arc-processor-2.4.2.Final.jar (341/384 kB) | quarkus-resteasy-reactive-deployment-2.4.2.Final.jar (98/131 kB)Progress (3): quarkus-vertx-http-deployment-2.4.2.Final.jar (0.4/3.0 MB) | arc-processor-2.4.2.Final.jar (341/384 kB) | quarkus-resteasy-reactive-deployment-2.4.2.Final.jar (102/131 kB)Progress (3): quarkus-vertx-http-deployment-2.4.2.Final.jar (0.4/3.0 MB) | arc-processor-2.4.2.Final.jar (346/384 kB) | quarkus-resteasy-reactive-deployment-2.4.2.Final.jar (102/131 kB)Progress (3): quarkus-vertx-http-deployment-2.4.2.Final.jar (0.4/3.0 MB) | arc-processor-2.4.2.Final.jar (346/384 kB) | quarkus-resteasy-reactive-deployment-2.4.2.Final.jar (106/131 kB)Progress (3): quarkus-vertx-http-deployment-2.4.2.Final.jar (0.4/3.0 MB) | arc-processor-2.4.2.Final.jar (350/384 kB) | quarkus-resteasy-reactive-deployment-2.4.2.Final.jar (106/131 kB)Progress (3): quarkus-vertx-http-deployment-2.4.2.Final.jar (0.4/3.0 MB) | arc-processor-2.4.2.Final.jar (350/384 kB) | quarkus-resteasy-reactive-deployment-2.4.2.Final.jar (111/131 kB)Progress (3): quarkus-vertx-http-deployment-2.4.2.Final.jar (0.4/3.0 MB) | arc-processor-2.4.2.Final.jar (354/384 kB) | quarkus-resteasy-reactive-deployment-2.4.2.Final.jar (111/131 kB)Progress (3): quarkus-vertx-http-deployment-2.4.2.Final.jar (0.4/3.0 MB) | arc-processor-2.4.2.Final.jar (354/384 kB) | quarkus-resteasy-reactive-deployment-2.4.2.Final.jar (115/131 kB)Progress (3): quarkus-vertx-http-deployment-2.4.2.Final.jar (0.4/3.0 MB) | arc-processor-2.4.2.Final.jar (358/384 kB) | quarkus-resteasy-reactive-deployment-2.4.2.Final.jar (115/131 kB)Progress (3): quarkus-vertx-http-deployment-2.4.2.Final.jar (0.4/3.0 MB) | arc-processor-2.4.2.Final.jar (358/384 kB) | quarkus-resteasy-reactive-deployment-2.4.2.Final.jar (119/131 kB)Progress (3): quarkus-vertx-http-deployment-2.4.2.Final.jar (0.4/3.0 MB) | arc-processor-2.4.2.Final.jar (362/384 kB) | quarkus-resteasy-reactive-deployment-2.4.2.Final.jar (119/131 kB)Progress (3): quarkus-vertx-http-deployment-2.4.2.Final.jar (0.4/3.0 MB) | arc-processor-2.4.2.Final.jar (362/384 kB) | quarkus-resteasy-reactive-deployment-2.4.2.Final.jar (123/131 kB)Progress (3): quarkus-vertx-http-deployment-2.4.2.Final.jar (0.4/3.0 MB) | arc-processor-2.4.2.Final.jar (366/384 kB) | quarkus-resteasy-reactive-deployment-2.4.2.Final.jar (123/131 kB)Progress (3): quarkus-vertx-http-deployment-2.4.2.Final.jar (0.4/3.0 MB) | arc-processor-2.4.2.Final.jar (366/384 kB) | quarkus-resteasy-reactive-deployment-2.4.2.Final.jar (127/131 kB)Progress (3): quarkus-vertx-http-deployment-2.4.2.Final.jar (0.4/3.0 MB) | arc-processor-2.4.2.Final.jar (370/384 kB) | quarkus-resteasy-reactive-deployment-2.4.2.Final.jar (127/131 kB)Progress (3): quarkus-vertx-http-deployment-2.4.2.Final.jar (0.4/3.0 MB) | arc-processor-2.4.2.Final.jar (370/384 kB) | quarkus-resteasy-reactive-deployment-2.4.2.Final.jar (131/131 kB)Progress (3): quarkus-vertx-http-deployment-2.4.2.Final.jar (0.4/3.0 MB) | arc-processor-2.4.2.Final.jar (374/384 kB) | quarkus-resteasy-reactive-deployment-2.4.2.Final.jar (131/131 kB)Progress (3): quarkus-vertx-http-deployment-2.4.2.Final.jar (0.4/3.0 MB) | arc-processor-2.4.2.Final.jar (374/384 kB) | quarkus-resteasy-reactive-deployment-2.4.2.Final.jar (131 kB)    Progress (3): quarkus-vertx-http-deployment-2.4.2.Final.jar (0.4/3.0 MB) | arc-processor-2.4.2.Final.jar (378/384 kB) | quarkus-resteasy-reactive-deployment-2.4.2.Final.jar (131 kB)Progress (3): quarkus-vertx-http-deployment-2.4.2.Final.jar (0.4/3.0 MB) | arc-processor-2.4.2.Final.jar (382/384 kB) | quarkus-resteasy-reactive-deployment-2.4.2.Final.jar (131 kB)Progress (3): quarkus-vertx-http-deployment-2.4.2.Final.jar (0.4/3.0 MB) | arc-processor-2.4.2.Final.jar (384 kB) | quarkus-resteasy-reactive-deployment-2.4.2.Final.jar (131 kB)    Progress (3): quarkus-vertx-http-deployment-2.4.2.Final.jar (0.4/3.0 MB) | arc-processor-2.4.2.Final.jar (384 kB) | quarkus-resteasy-reactive-deployment-2.4.2.Final.jar (131 kB)Progress (3): quarkus-vertx-http-deployment-2.4.2.Final.jar (0.5/3.0 MB) | arc-processor-2.4.2.Final.jar (384 kB) | quarkus-resteasy-reactive-deployment-2.4.2.Final.jar (131 kB)                                                                                                                                                                                 Downloaded from central: https://repo.maven.apache.org/maven2/io/quarkus/quarkus-resteasy-reactive-deployment/2.4.2.Final/quarkus-resteasy-reactive-deployment-2.4.2.Final.jar (131 kB at 393 kB/s)
Progress (2): quarkus-vertx-http-deployment-2.4.2.Final.jar (0.5/3.0 MB) | arc-processor-2.4.2.Final.jar (384 kB)Progress (2): quarkus-vertx-http-deployment-2.4.2.Final.jar (0.5/3.0 MB) | arc-processor-2.4.2.Final.jar (384 kB)Progress (2): quarkus-vertx-http-deployment-2.4.2.Final.jar (0.5/3.0 MB) | arc-processor-2.4.2.Final.jar (384 kB)                                                                                                                 Downloaded from central: https://repo.maven.apache.org/maven2/io/quarkus/arc/arc-processor/2.4.2.Final/arc-processor-2.4.2.Final.jar (384 kB at 1.1 MB/s)
Progress (1): quarkus-vertx-http-deployment-2.4.2.Final.jar (0.5/3.0 MB)Progress (2): quarkus-vertx-http-deployment-2.4.2.Final.jar (0.5/3.0 MB) | quarkus-security-spi-2.4.2.Final.jar (2.7/4.7 kB)Progress (2): quarkus-vertx-http-deployment-2.4.2.Final.jar (0.5/3.0 MB) | quarkus-security-spi-2.4.2.Final.jar (4.7 kB)    Progress (2): quarkus-vertx-http-deployment-2.4.2.Final.jar (0.5/3.0 MB) | quarkus-security-spi-2.4.2.Final.jar (4.7 kB)                                                                                                                        Downloaded from central: https://repo.maven.apache.org/maven2/io/quarkus/quarkus-security-spi/2.4.2.Final/quarkus-security-spi-2.4.2.Final.jar (4.7 kB at 13 kB/s)
Progress (1): quarkus-vertx-http-deployment-2.4.2.Final.jar (0.6/3.0 MB)Progress (1): quarkus-vertx-http-deployment-2.4.2.Final.jar (0.6/3.0 MB)Progress (1): quarkus-vertx-http-deployment-2.4.2.Final.jar (0.6/3.0 MB)Progress (1): quarkus-vertx-http-deployment-2.4.2.Final.jar (0.6/3.0 MB)Progress (1): quarkus-vertx-http-deployment-2.4.2.Final.jar (0.6/3.0 MB)Progress (1): quarkus-vertx-http-deployment-2.4.2.Final.jar (0.6/3.0 MB)Progress (1): quarkus-vertx-http-deployment-2.4.2.Final.jar (0.7/3.0 MB)Progress (1): quarkus-vertx-http-deployment-2.4.2.Final.jar (0.7/3.0 MB)Progress (1): quarkus-vertx-http-deployment-2.4.2.Final.jar (0.7/3.0 MB)Progress (1): quarkus-vertx-http-deployment-2.4.2.Final.jar (0.7/3.0 MB)Progress (1): quarkus-vertx-http-deployment-2.4.2.Final.jar (0.7/3.0 MB)Progress (1): quarkus-vertx-http-deployment-2.4.2.Final.jar (0.7/3.0 MB)Progress (1): quarkus-vertx-http-deployment-2.4.2.Final.jar (0.8/3.0 MB)Progress (1): quarkus-vertx-http-deployment-2.4.2.Final.jar (0.8/3.0 MB)Progress (1): quarkus-vertx-http-deployment-2.4.2.Final.jar (0.8/3.0 MB)Progress (1): quarkus-vertx-http-deployment-2.4.2.Final.jar (0.8/3.0 MB)Progress (1): quarkus-vertx-http-deployment-2.4.2.Final.jar (0.8/3.0 MB)Progress (1): quarkus-vertx-http-deployment-2.4.2.Final.jar (0.8/3.0 MB)Progress (1): quarkus-vertx-http-deployment-2.4.2.Final.jar (0.8/3.0 MB)Progress (1): quarkus-vertx-http-deployment-2.4.2.Final.jar (0.9/3.0 MB)Progress (1): quarkus-vertx-http-deployment-2.4.2.Final.jar (0.9/3.0 MB)Progress (1): quarkus-vertx-http-deployment-2.4.2.Final.jar (0.9/3.0 MB)Progress (1): quarkus-vertx-http-deployment-2.4.2.Final.jar (0.9/3.0 MB)Progress (1): quarkus-vertx-http-deployment-2.4.2.Final.jar (0.9/3.0 MB)Progress (1): quarkus-vertx-http-deployment-2.4.2.Final.jar (0.9/3.0 MB)Progress (1): quarkus-vertx-http-deployment-2.4.2.Final.jar (1.0/3.0 MB)Progress (1): quarkus-vertx-http-deployment-2.4.2.Final.jar (1.0/3.0 MB)Progress (1): quarkus-vertx-http-deployment-2.4.2.Final.jar (1.0/3.0 MB)Progress (1): quarkus-vertx-http-deployment-2.4.2.Final.jar (1.0/3.0 MB)Progress (1): quarkus-vertx-http-deployment-2.4.2.Final.jar (1.0/3.0 MB)Progress (1): quarkus-vertx-http-deployment-2.4.2.Final.jar (1.0/3.0 MB)Progress (1): quarkus-vertx-http-deployment-2.4.2.Final.jar (1.1/3.0 MB)Progress (1): quarkus-vertx-http-deployment-2.4.2.Final.jar (1.1/3.0 MB)Progress (1): quarkus-vertx-http-deployment-2.4.2.Final.jar (1.1/3.0 MB)Progress (1): quarkus-vertx-http-deployment-2.4.2.Final.jar (1.1/3.0 MB)Progress (1): quarkus-vertx-http-deployment-2.4.2.Final.jar (1.1/3.0 MB)Progress (1): quarkus-vertx-http-deployment-2.4.2.Final.jar (1.1/3.0 MB)Progress (1): quarkus-vertx-http-deployment-2.4.2.Final.jar (1.2/3.0 MB)Progress (1): quarkus-vertx-http-deployment-2.4.2.Final.jar (1.2/3.0 MB)Progress (1): quarkus-vertx-http-deployment-2.4.2.Final.jar (1.2/3.0 MB)Progress (1): quarkus-vertx-http-deployment-2.4.2.Final.jar (1.2/3.0 MB)Progress (1): quarkus-vertx-http-deployment-2.4.2.Final.jar (1.2/3.0 MB)Progress (1): quarkus-vertx-http-deployment-2.4.2.Final.jar (1.2/3.0 MB)Progress (1): quarkus-vertx-http-deployment-2.4.2.Final.jar (1.3/3.0 MB)Progress (1): quarkus-vertx-http-deployment-2.4.2.Final.jar (1.3/3.0 MB)Progress (1): quarkus-vertx-http-deployment-2.4.2.Final.jar (1.3/3.0 MB)Progress (1): quarkus-vertx-http-deployment-2.4.2.Final.jar (1.3/3.0 MB)Progress (1): quarkus-vertx-http-deployment-2.4.2.Final.jar (1.3/3.0 MB)Progress (1): quarkus-vertx-http-deployment-2.4.2.Final.jar (1.3/3.0 MB)Progress (1): quarkus-vertx-http-deployment-2.4.2.Final.jar (1.4/3.0 MB)Progress (1): quarkus-vertx-http-deployment-2.4.2.Final.jar (1.4/3.0 MB)Progress (1): quarkus-vertx-http-deployment-2.4.2.Final.jar (1.4/3.0 MB)Progress (1): quarkus-vertx-http-deployment-2.4.2.Final.jar (1.4/3.0 MB)Progress (1): quarkus-vertx-http-deployment-2.4.2.Final.jar (1.4/3.0 MB)Progress (1): quarkus-vertx-http-deployment-2.4.2.Final.jar (1.4/3.0 MB)Progress (1): quarkus-vertx-http-deployment-2.4.2.Final.jar (1.5/3.0 MB)Progress (1): quarkus-vertx-http-deployment-2.4.2.Final.jar (1.5/3.0 MB)Progress (1): quarkus-vertx-http-deployment-2.4.2.Final.jar (1.5/3.0 MB)Progress (1): quarkus-vertx-http-deployment-2.4.2.Final.jar (1.5/3.0 MB)Progress (1): quarkus-vertx-http-deployment-2.4.2.Final.jar (1.5/3.0 MB)Progress (1): quarkus-vertx-http-deployment-2.4.2.Final.jar (1.5/3.0 MB)Progress (1): quarkus-vertx-http-deployment-2.4.2.Final.jar (1.6/3.0 MB)Progress (1): quarkus-vertx-http-deployment-2.4.2.Final.jar (1.6/3.0 MB)Progress (1): quarkus-vertx-http-deployment-2.4.2.Final.jar (1.6/3.0 MB)Progress (1): quarkus-vertx-http-deployment-2.4.2.Final.jar (1.6/3.0 MB)Progress (1): quarkus-vertx-http-deployment-2.4.2.Final.jar (1.6/3.0 MB)Progress (1): quarkus-vertx-http-deployment-2.4.2.Final.jar (1.6/3.0 MB)Progress (1): quarkus-vertx-http-deployment-2.4.2.Final.jar (1.6/3.0 MB)Progress (1): quarkus-vertx-http-deployment-2.4.2.Final.jar (1.7/3.0 MB)Progress (1): quarkus-vertx-http-deployment-2.4.2.Final.jar (1.7/3.0 MB)Progress (1): quarkus-vertx-http-deployment-2.4.2.Final.jar (1.7/3.0 MB)Progress (1): quarkus-vertx-http-deployment-2.4.2.Final.jar (1.7/3.0 MB)Progress (1): quarkus-vertx-http-deployment-2.4.2.Final.jar (1.7/3.0 MB)Progress (1): quarkus-vertx-http-deployment-2.4.2.Final.jar (1.7/3.0 MB)Progress (1): quarkus-vertx-http-deployment-2.4.2.Final.jar (1.8/3.0 MB)Progress (1): quarkus-vertx-http-deployment-2.4.2.Final.jar (1.8/3.0 MB)Progress (1): quarkus-vertx-http-deployment-2.4.2.Final.jar (1.8/3.0 MB)Progress (1): quarkus-vertx-http-deployment-2.4.2.Final.jar (1.8/3.0 MB)Progress (1): quarkus-vertx-http-deployment-2.4.2.Final.jar (1.8/3.0 MB)Progress (1): quarkus-vertx-http-deployment-2.4.2.Final.jar (1.8/3.0 MB)Progress (1): quarkus-vertx-http-deployment-2.4.2.Final.jar (1.9/3.0 MB)Progress (1): quarkus-vertx-http-deployment-2.4.2.Final.jar (1.9/3.0 MB)Progress (1): quarkus-vertx-http-deployment-2.4.2.Final.jar (1.9/3.0 MB)Progress (1): quarkus-vertx-http-deployment-2.4.2.Final.jar (1.9/3.0 MB)Progress (1): quarkus-vertx-http-deployment-2.4.2.Final.jar (1.9/3.0 MB)Progress (1): quarkus-vertx-http-deployment-2.4.2.Final.jar (1.9/3.0 MB)Progress (1): quarkus-vertx-http-deployment-2.4.2.Final.jar (2.0/3.0 MB)Progress (1): quarkus-vertx-http-deployment-2.4.2.Final.jar (2.0/3.0 MB)Progress (1): quarkus-vertx-http-deployment-2.4.2.Final.jar (2.0/3.0 MB)Progress (1): quarkus-vertx-http-deployment-2.4.2.Final.jar (2.0/3.0 MB)Progress (1): quarkus-vertx-http-deployment-2.4.2.Final.jar (2.0/3.0 MB)Progress (1): quarkus-vertx-http-deployment-2.4.2.Final.jar (2.0/3.0 MB)Progress (1): quarkus-vertx-http-deployment-2.4.2.Final.jar (2.1/3.0 MB)Progress (1): quarkus-vertx-http-deployment-2.4.2.Final.jar (2.1/3.0 MB)Progress (1): quarkus-vertx-http-deployment-2.4.2.Final.jar (2.1/3.0 MB)Progress (1): quarkus-vertx-http-deployment-2.4.2.Final.jar (2.1/3.0 MB)Progress (1): quarkus-vertx-http-deployment-2.4.2.Final.jar (2.1/3.0 MB)Progress (1): quarkus-vertx-http-deployment-2.4.2.Final.jar (2.1/3.0 MB)Progress (1): quarkus-vertx-http-deployment-2.4.2.Final.jar (2.2/3.0 MB)Progress (1): quarkus-vertx-http-deployment-2.4.2.Final.jar (2.2/3.0 MB)Progress (1): quarkus-vertx-http-deployment-2.4.2.Final.jar (2.2/3.0 MB)Progress (1): quarkus-vertx-http-deployment-2.4.2.Final.jar (2.2/3.0 MB)Progress (1): quarkus-vertx-http-deployment-2.4.2.Final.jar (2.2/3.0 MB)Progress (1): quarkus-vertx-http-deployment-2.4.2.Final.jar (2.2/3.0 MB)Progress (1): quarkus-vertx-http-deployment-2.4.2.Final.jar (2.3/3.0 MB)Progress (1): quarkus-vertx-http-deployment-2.4.2.Final.jar (2.3/3.0 MB)Progress (1): quarkus-vertx-http-deployment-2.4.2.Final.jar (2.3/3.0 MB)Progress (1): quarkus-vertx-http-deployment-2.4.2.Final.jar (2.3/3.0 MB)Progress (1): quarkus-vertx-http-deployment-2.4.2.Final.jar (2.3/3.0 MB)Progress (1): quarkus-vertx-http-deployment-2.4.2.Final.jar (2.3/3.0 MB)Progress (1): quarkus-vertx-http-deployment-2.4.2.Final.jar (2.4/3.0 MB)Progress (1): quarkus-vertx-http-deployment-2.4.2.Final.jar (2.4/3.0 MB)Progress (1): quarkus-vertx-http-deployment-2.4.2.Final.jar (2.4/3.0 MB)Progress (1): quarkus-vertx-http-deployment-2.4.2.Final.jar (2.4/3.0 MB)Progress (1): quarkus-vertx-http-deployment-2.4.2.Final.jar (2.4/3.0 MB)Progress (1): quarkus-vertx-http-deployment-2.4.2.Final.jar (2.4/3.0 MB)Progress (1): quarkus-vertx-http-deployment-2.4.2.Final.jar (2.4/3.0 MB)Progress (1): quarkus-vertx-http-deployment-2.4.2.Final.jar (2.5/3.0 MB)Progress (1): quarkus-vertx-http-deployment-2.4.2.Final.jar (2.5/3.0 MB)Progress (1): quarkus-vertx-http-deployment-2.4.2.Final.jar (2.5/3.0 MB)Progress (1): quarkus-vertx-http-deployment-2.4.2.Final.jar (2.5/3.0 MB)Progress (1): quarkus-vertx-http-deployment-2.4.2.Final.jar (2.5/3.0 MB)Progress (1): quarkus-vertx-http-deployment-2.4.2.Final.jar (2.5/3.0 MB)Progress (1): quarkus-vertx-http-deployment-2.4.2.Final.jar (2.6/3.0 MB)Progress (1): quarkus-vertx-http-deployment-2.4.2.Final.jar (2.6/3.0 MB)Progress (1): quarkus-vertx-http-deployment-2.4.2.Final.jar (2.6/3.0 MB)Progress (1): quarkus-vertx-http-deployment-2.4.2.Final.jar (2.6/3.0 MB)Progress (1): quarkus-vertx-http-deployment-2.4.2.Final.jar (2.6/3.0 MB)Progress (1): quarkus-vertx-http-deployment-2.4.2.Final.jar (2.6/3.0 MB)Progress (1): quarkus-vertx-http-deployment-2.4.2.Final.jar (2.7/3.0 MB)Progress (1): quarkus-vertx-http-deployment-2.4.2.Final.jar (2.7/3.0 MB)Progress (1): quarkus-vertx-http-deployment-2.4.2.Final.jar (2.7/3.0 MB)Progress (1): quarkus-vertx-http-deployment-2.4.2.Final.jar (2.7/3.0 MB)Progress (1): quarkus-vertx-http-deployment-2.4.2.Final.jar (2.7/3.0 MB)Progress (1): quarkus-vertx-http-deployment-2.4.2.Final.jar (2.7/3.0 MB)Progress (1): quarkus-vertx-http-deployment-2.4.2.Final.jar (2.8/3.0 MB)Progress (1): quarkus-vertx-http-deployment-2.4.2.Final.jar (2.8/3.0 MB)Progress (1): quarkus-vertx-http-deployment-2.4.2.Final.jar (2.8/3.0 MB)Progress (1): quarkus-vertx-http-deployment-2.4.2.Final.jar (2.8/3.0 MB)Progress (1): quarkus-vertx-http-deployment-2.4.2.Final.jar (2.8/3.0 MB)Progress (1): quarkus-vertx-http-deployment-2.4.2.Final.jar (2.8/3.0 MB)Progress (1): quarkus-vertx-http-deployment-2.4.2.Final.jar (2.9/3.0 MB)Progress (1): quarkus-vertx-http-deployment-2.4.2.Final.jar (2.9/3.0 MB)Progress (1): quarkus-vertx-http-deployment-2.4.2.Final.jar (2.9/3.0 MB)Progress (1): quarkus-vertx-http-deployment-2.4.2.Final.jar (2.9/3.0 MB)Progress (1): quarkus-vertx-http-deployment-2.4.2.Final.jar (2.9/3.0 MB)Progress (1): quarkus-vertx-http-deployment-2.4.2.Final.jar (2.9/3.0 MB)Progress (1): quarkus-vertx-http-deployment-2.4.2.Final.jar (3.0 MB)                                                                        Downloaded from central: https://repo.maven.apache.org/maven2/io/quarkus/quarkus-vertx-http-deployment/2.4.2.Final/quarkus-vertx-http-deployment-2.4.2.Final.jar (3.0 MB at 4.3 MB/s)
Downloading from central: https://repo.maven.apache.org/maven2/io/quarkus/quarkus-bom-quarkus-platform-properties/2.4.2.Final/quarkus-bom-quarkus-platform-properties-2.4.2.Final.properties
Progress (1): quarkus-bom-quarkus-platform-properties-2.4.2.Final.properties (90 B)                                                                                   Downloaded from central: https://repo.maven.apache.org/maven2/io/quarkus/quarkus-bom-quarkus-platform-properties/2.4.2.Final/quarkus-bom-quarkus-platform-properties-2.4.2.Final.properties (90 B at 3.8 kB/s)
2021-11-19 15:28:55,343 INFO  [io.quarkus] (main) Quarkus 2.4.2.Final on JVM started in 1.864s. Listening on: http://localhost:8081
2021-11-19 15:28:55,345 INFO  [io.quarkus] (main) Profile test activated. 
2021-11-19 15:28:55,345 INFO  [io.quarkus] (main) Installed features: [cdi, resteasy-reactive, smallrye-context-propagation, vertx]
]]></system-out>
    <system-err><![CDATA[LogManager error of type WRITE_FAILURE: The delayed handler's queue was overrun and log record(s) were lost. Did you forget to configure logging?
]]></system-err>
  </testcase>
  <testcase name="testGreetingEndpoint" classname="org.acme.getting.started.ReactiveGreetingResourceTest" time="0.028"/>
  <testcase name="testGreetingsEndpoint" classname="org.acme.getting.started.ReactiveGreetingResourceTest" time="1.038"/>
</testsuite>